2016-05-04 00:05:08 [main:1608098] - [DEBUG] 此店铺找到 4488 件商品
2016-05-04 00:05:08 [main:1608114] - [DEBUG] 当前行 57：https://5857.taobao.com/	TaoBao	35888594
2016-05-04 00:05:33 [main:1632576] - [DEBUG] 此店铺找到 189 件商品
2016-05-04 00:05:33 [main:1632577] - [DEBUG] 当前行 58：https://58food.taobao.com/	TaoBao	68946062
2016-05-04 00:05:56 [main:1655789] - [DEBUG] 此店铺找到 160 件商品
2016-05-04 00:05:56 [main:1655789] - [DEBUG] 当前行 59：https://591sspp.taobao.com/	TaoBao	101557965
2016-05-04 00:06:00 [main:1659524] - [DEBUG] 此店铺找到 8 件商品
2016-05-04 00:06:00 [main:1659524] - [DEBUG] 当前行 60：https://5920hyx.taobao.com/	TaoBao	64543610
2016-05-04 00:06:17 [main:1676662] - [DEBUG] 此店铺找到 98 件商品
2016-05-04 00:06:17 [main:1676663] - [DEBUG] 当前行 61：https://5941888.taobao.com/	TaoBao	36624527
2016-05-04 00:06:37 [main:1697248] - [DEBUG] 此店铺找到 126 件商品
2016-05-04 00:06:37 [main:1697248] - [DEBUG] 当前行 62：https://59780117.taobao.com/	TaoBao	59780117
2016-05-04 00:06:53 [main:1712768] - [DEBUG] 此店铺找到 109 件商品
2016-05-04 00:06:53 [main:1712768] - [DEBUG] 当前行 63：https://5kso.taobao.com/	TaoBao	66734341
2016-05-04 00:06:56 [main:1716180] - [DEBUG] 此店铺找到 21 件商品
2016-05-04 00:06:56 [main:1716180] - [DEBUG] 当前行 64：https://62816.taobao.com/	TaoBao	61645842
2016-05-04 00:07:00 [main:1719560] - [DEBUG] 此店铺找到 1 件商品
2016-05-04 00:07:00 [main:1719561] - [DEBUG] 当前行 65：https://69213627.taobao.com/	TaoBao	69213627
2016-05-04 00:07:08 [main:1728006] - [DEBUG] 当前行 66：https://71376429.taobao.com/	TaoBao	71376429
2016-05-04 00:07:15 [main:1734864] - [DEBUG] 此店铺找到 32 件商品
2016-05-04 00:07:15 [main:1734864] - [DEBUG] 当前行 67：https://73589.taobao.com/	TaoBao	103346674
2016-05-04 00:07:43 [main:1762889] - [DEBUG] 此店铺找到 180 件商品
2016-05-04 00:07:43 [main:1762890] - [DEBUG] 当前行 68：https://793825670.taobao.com/	TaoBao	61896224
2016-05-04 00:07:47 [main:1766937] - [DEBUG] 此店铺找到 6 件商品
2016-05-04 00:07:47 [main:1766937] - [DEBUG] 当前行 69：https://7zhizhu.taobao.com/	TaoBao	140899023
2016-05-04 00:08:05 [main:1784611] - [DEBUG] 此店铺找到 109 件商品
2016-05-04 00:08:05 [main:1784612] - [DEBUG] 当前行 70：https://80chkz.taobao.com/	TaoBao	113914138
2016-05-04 00:08:09 [main:1789088] - [DEBUG] 此店铺找到 19 件商品
2016-05-04 00:08:09 [main:1789089] - [DEBUG] 当前行 71：https://81604090.taobao.com/	TaoBao	62214791
2016-05-04 00:08:24 [main:1803721] - [DEBUG] 此店铺找到 81 件商品
2016-05-04 00:08:24 [main:1803721] - [DEBUG] 当前行 72：https://881314521.taobao.com/	TaoBao	36978266
2016-05-04 00:08:27 [main:1807032] - [DEBUG] 此店铺找到 18 件商品
2016-05-04 00:08:27 [main:1807032] - [DEBUG] 当前行 73：https://88891.taobao.com/	TaoBao	71936075
2016-05-04 00:08:34 [main:1813485] - [DEBUG] 此店铺找到 26 件商品
2016-05-04 00:08:34 [main:1813486] - [DEBUG] 当前行 74：https://8jph.taobao.com/	TaoBao	59822543
2016-05-04 00:09:05 [main:1845439] - [DEBUG] 此店铺找到 240 件商品
2016-05-04 00:09:05 [main:1845440] - [DEBUG] 当前行 75：https://907252869.taobao.com/	TaoBao	71822051
2016-05-04 00:09:13 [main:1852717] - [DEBUG] 此店铺找到 48 件商品
2016-05-04 00:09:13 [main:1852717] - [DEBUG] 当前行 76：https://90huajishaonv.taobao.com/	TaoBao	69752988
2016-05-04 00:09:35 [main:1875204] - [DEBUG] 此店铺找到 132 件商品
2016-05-04 00:09:35 [main:1875204] - [DEBUG] 当前行 77：https://916638388.taobao.com/	TaoBao	69652507
2016-05-04 00:09:46 [main:1885910] - [DEBUG] 此店铺找到 62 件商品
2016-05-04 00:09:46 [main:1885911] - [DEBUG] 当前行 78：https://95023.taobao.com/	TaoBao	66517817
2016-05-04 00:09:53 [main:1892589] - [DEBUG] 此店铺找到 28 件商品
2016-05-04 00:09:53 [main:1892589] - [DEBUG] 当前行 79：https://969y.taobao.com/	TaoBao	62820096
2016-05-04 00:10:06 [main:1906288] - [DEBUG] 此店铺找到 88 件商品
2016-05-04 00:10:06 [main:1906289] - [DEBUG] 当前行 80：https://9811.taobao.com/	TaoBao	34178036
2016-05-04 00:10:10 [main:1909887] - [DEBUG] 此店铺找到 19 件商品
2016-05-04 00:10:10 [main:1909888] - [DEBUG] 当前行 81：https://98598.taobao.com/	TaoBao	63888586
2016-05-04 00:10:22 [main:1922231] - [DEBUG] 此店铺找到 57 件商品
2016-05-04 00:10:22 [main:1922231] - [DEBUG] 当前行 82：https://992194283.taobao.com/	TaoBao	100125731
2016-05-04 00:15:59 [main:2259126] - [DEBUG] 此店铺找到 2232 件商品
2016-05-04 00:15:59 [main:2259127] - [DEBUG] 当前行 83：https://999wqbh.taobao.com/	TaoBao	103330179
2016-05-04 00:16:17 [main:2276649] - [DEBUG] 此店铺找到 111 件商品
2016-05-04 00:16:17 [main:2276650] - [DEBUG] 当前行 84：https://abc7979.taobao.com/	TaoBao	71321802
2016-05-04 00:16:20 [main:2280430] - [DEBUG] 此店铺找到 2 件商品
2016-05-04 00:16:20 [main:2280430] - [DEBUG] 当前行 85：https://abpt.taobao.com/	TaoBao	111354471
2016-05-04 00:18:03 [main:2382525] - [DEBUG] 此店铺找到 727 件商品
2016-05-04 00:18:03 [main:2382525] - [DEBUG] 当前行 86：https://aidi800.taobao.com/	TaoBao	66799606
2016-05-04 00:39:57 [main:3696673] - [DEBUG] 当前行 86：https://aidi800.taobao.com/	TaoBao	66799606
2016-05-04 00:48:48 [main:4227485] - [DEBUG] 此店铺找到 3576 件商品
2016-05-04 00:48:48 [main:4227486] - [DEBUG] 当前行 87：https://ainisha325.taobao.com/	TaoBao	105281604
2016-05-04 00:48:52 [main:4232171] - [DEBUG] 此店铺找到 3 件商品
2016-05-04 00:48:52 [main:4232171] - [DEBUG] 当前行 88：https://aixiaoxie.taobao.com/	TaoBao	60904176
2016-05-04 00:48:56 [main:4235545] - [DEBUG] 此店铺找到 19 件商品
2016-05-04 00:48:56 [main:4235546] - [DEBUG] 当前行 89：https://ajkcome.taobao.com/	TaoBao	106483202
2016-05-04 00:48:58 [main:4238460] - [DEBUG] 此店铺找到 4 件商品
2016-05-04 00:48:58 [main:4238460] - [DEBUG] 当前行 90：https://akalafs.taobao.com/	TaoBao	58768447
2016-05-04 00:49:04 [main:4244225] - [DEBUG] 此店铺找到 31 件商品
2016-05-04 00:49:04 [main:4244226] - [DEBUG] 当前行 91：https://alliancehao.taobao.com/	TaoBao	36507437
2016-05-04 00:49:30 [main:4270288] - [DEBUG] 此店铺找到 152 件商品
2016-05-04 00:49:30 [main:4270288] - [DEBUG] 当前行 92：https://allnicegoodies.taobao.com/	TaoBao	100681465
2016-05-04 00:49:53 [main:4293099] - [DEBUG] 此店铺找到 201 件商品
2016-05-04 00:49:53 [main:4293099] - [DEBUG] 当前行 93：https://alpha-bakery.taobao.com/	TaoBao	104026184
2016-05-04 00:50:00 [main:4299519] - [DEBUG] 此店铺找到 27 件商品
2016-05-04 00:50:00 [main:4299519] - [DEBUG] 当前行 94：https://amwfmud.taobao.com/	TaoBao	61374924
2016-05-04 00:50:03 [main:4302844] - [DEBUG] 此店铺找到 6 件商品
2016-05-04 00:50:03 [main:4302844] - [DEBUG] 当前行 95：https://amyjane.taobao.com/	TaoBao	106178033
2016-05-04 00:53:41 [main:4520863] - [DEBUG] 此店铺找到 1824 件商品
2016-05-04 00:53:41 [main:4520864] - [DEBUG] 当前行 96：https://anan7788.taobao.com/	TaoBao	60388097
2016-05-04 00:55:13 [main:4613450] - [DEBUG] 此店铺找到 477 件商品
2016-05-04 00:55:13 [main:4613450] - [DEBUG] 当前行 97：https://anangou.taobao.com/	TaoBao	72667880
2016-05-04 00:55:27 [main:4626675] - [DEBUG] 当前行 98：https://angelfairy.taobao.com/	TaoBao	36545091
2016-05-04 00:55:33 [main:4632674] - [DEBUG] 此店铺找到 39 件商品
2016-05-04 00:55:33 [main:4632674] - [DEBUG] 当前行 99：https://aoodou.taobao.com/	TaoBao	108404019
2016-05-04 00:55:36 [main:4635689] - [DEBUG] 此店铺找到 8 件商品
2016-05-04 00:55:36 [main:4635690] - [DEBUG] 当前行 100：https://ashang168.taobao.com/	TaoBao	65254316
2016-05-04 00:55:47 [main:4646608] - [DEBUG] 此店铺找到 80 件商品
2016-05-04 00:55:47 [main:4646609] - [DEBUG] 当前行 101：https://ashiondg.taobao.com/	TaoBao	103552169
2016-05-04 00:55:50 [main:4649810] - [DEBUG] 此店铺找到 8 件商品
2016-05-04 00:55:50 [main:4649810] - [DEBUG] 当前行 102：https://axme.taobao.com/	TaoBao	36084102
2016-05-04 00:55:58 [main:4658170] - [DEBUG] 此店铺找到 62 件商品
2016-05-04 00:55:58 [main:4658171] - [DEBUG] 当前行 103：https://azaz001.taobao.com/	TaoBao	71354613
2016-05-04 00:56:02 [main:4661975] - [DEBUG] 此店铺找到 10 件商品
2016-05-04 00:56:02 [main:4661976] - [DEBUG] 当前行 104：https://babynovo.taobao.com/	TaoBao	60542959
2016-05-04 00:56:48 [main:4707974] - [DEBUG] 此店铺找到 244 件商品
2016-05-04 00:56:48 [main:4707975] - [DEBUG] 当前行 105：https://badushuwu.taobao.com/	TaoBao	69154919
2016-05-04 00:56:52 [main:4711815] - [DEBUG] 此店铺找到 4 件商品
2016-05-04 00:56:52 [main:4711815] - [DEBUG] 当前行 106：https://baguotese.taobao.com/	TaoBao	107651489
2016-05-04 00:57:25 [main:4745062] - [DEBUG] 此店铺找到 211 件商品
2016-05-04 00:57:25 [main:4745062] - [DEBUG] 当前行 107：https://baishiyi.tmall.com	Tmall	105102156
2016-05-04 00:57:35 [main:4754525] - [DEBUG] 此店铺找到 39 件商品
2016-05-04 00:57:35 [main:4754526] - [DEBUG] 当前行 108：https://balalafood.taobao.com/	TaoBao	64902907
2016-05-04 00:58:39 [main:4819241] - [DEBUG] 此店铺找到 339 件商品
2016-05-04 00:58:39 [main:4819241] - [DEBUG] 当前行 109：https://baobei-800.taobao.com/	TaoBao	64396839
2016-05-04 01:24:26 [main:6365903] - [DEBUG] 此店铺找到 8496 件商品
2016-05-04 01:24:26 [main:6365904] - [DEBUG] 当前行 110：https://baobeimengxin.taobao.com/	TaoBao	71242752
2016-05-04 01:24:35 [main:6375098] - [DEBUG] 当前行 111：https://baowosp.tmall.com	Tmall	127029101
2016-05-04 01:24:46 [main:6386250] - [DEBUG] 此店铺找到 73 件商品
2016-05-04 01:24:46 [main:6386250] - [DEBUG] 当前行 112：https://bashanfu.taobao.com/	TaoBao	70024482
2016-05-04 01:24:59 [main:6399256] - [DEBUG] 此店铺找到 34 件商品
2016-05-04 01:24:59 [main:6399256] - [DEBUG] 当前行 113：https://bashuchake.taobao.com/	TaoBao	105319542
2016-05-04 01:25:11 [main:6411105] - [DEBUG] 此店铺找到 85 件商品
2016-05-04 01:25:11 [main:6411105] - [DEBUG] 当前行 114：https://bashumeishi.taobao.com/	TaoBao	72205069
2016-05-04 01:25:52 [main:6451726] - [DEBUG] 当前行 115：https://bawangfusp.tmall.com	Tmall	116375680
2016-05-04 01:25:57 [main:6456896] - [DEBUG] 此店铺找到 5 件商品
2016-05-04 01:25:57 [main:6456896] - [DEBUG] 当前行 116：https://bayuxiangw.taobao.com/	TaoBao	102839943
2016-05-04 01:26:12 [main:6471504] - [DEBUG] 此店铺找到 55 件商品
2016-05-04 01:26:12 [main:6471505] - [DEBUG] 当前行 117：https://bazhensp.tmall.com	Tmall	69008121
2016-05-04 01:26:38 [main:6498313] - [DEBUG] 此店铺找到 276 件商品
2016-05-04 01:26:38 [main:6498314] - [DEBUG] 当前行 118：https://bbtcsc.taobao.com/	TaoBao	103016428
2016-05-04 01:26:51 [main:6511138] - [DEBUG] 当前行 119：https://bcshiji.taobao.com/	TaoBao	107193156
2016-05-04 01:27:00 [main:6520032] - [DEBUG] 此店铺找到 49 件商品
2016-05-04 01:27:00 [main:6520032] - [DEBUG] 当前行 120：https://bcstory.taobao.com/	TaoBao	68449357
2016-05-04 01:27:04 [main:6524074] - [DEBUG] 此店铺找到 24 件商品
2016-05-04 01:27:04 [main:6524075] - [DEBUG] 当前行 121：https://bdhhg.taobao.com/	TaoBao	100187660
2016-05-04 01:27:15 [main:6534892] - [DEBUG] 此店铺找到 55 件商品
2016-05-04 01:27:15 [main:6534893] - [DEBUG] 当前行 122：https://benrunfood.taobao.com/	TaoBao	117229832
2016-05-04 01:27:21 [main:6540784] - [DEBUG] 此店铺找到 29 件商品
2016-05-04 01:27:21 [main:6540785] - [DEBUG] 当前行 123：https://bfp2005.taobao.com/	TaoBao	115264791
2016-05-04 01:27:24 [main:6544314] - [DEBUG] 此店铺找到 22 件商品
2016-05-04 01:27:24 [main:6544315] - [DEBUG] 当前行 124：https://bfpcq.taobao.com/	TaoBao	127981595
2016-05-04 01:27:38 [main:6558068] - [DEBUG] 此店铺找到 74 件商品
2016-05-04 01:27:38 [main:6558068] - [DEBUG] 当前行 125：https://bnbs.taobao.com/	TaoBao	62360705
2016-05-04 01:27:52 [main:6572122] - [DEBUG] 此店铺找到 119 件商品
2016-05-04 01:27:52 [main:6572122] - [DEBUG] 当前行 126：https://boho2015.taobao.com/	TaoBao	67931121
2016-05-04 01:28:29 [main:6609319] - [DEBUG] 此店铺找到 336 件商品
2016-05-04 01:28:29 [main:6609320] - [DEBUG] 当前行 127：https://by678.taobao.com/	TaoBao	108542235
2016-05-04 01:28:33 [main:6613025] - [DEBUG] 此店铺找到 18 件商品
2016-05-04 01:28:33 [main:6613025] - [DEBUG] 当前行 128：https://bylkw.taobao.com/	TaoBao	106064411
2016-05-04 01:28:40 [main:6620389] - [DEBUG] 此店铺找到 29 件商品
2016-05-04 01:28:40 [main:6620389] - [DEBUG] 当前行 129：https://bzdr.taobao.com/	TaoBao	71692915
2016-05-04 01:28:46 [main:6625907] - [DEBUG] 此店铺找到 30 件商品
2016-05-04 01:28:46 [main:6625908] - [DEBUG] 当前行 130：https://c2c2.taobao.com/	TaoBao	66098330
2016-05-04 01:28:49 [main:6628973] - [DEBUG] 此店铺找到 5 件商品
2016-05-04 01:28:49 [main:6628973] - [DEBUG] 当前行 131：https://cakexpert.taobao.com/	TaoBao	57125110
2016-05-04 01:29:00 [main:6639838] - [DEBUG] 此店铺找到 94 件商品
2016-05-04 01:29:00 [main:6639838] - [DEBUG] 当前行 132：https://camel-huwai.taobao.com/	TaoBao	63288109
2016-05-04 01:29:24 [main:6664246] - [DEBUG] 此店铺找到 126 件商品
2016-05-04 01:29:24 [main:6664246] - [DEBUG] 当前行 133：https://cbyy.taobao.com/	TaoBao	100193998
2016-05-04 01:29:51 [main:6690855] - [DEBUG] 此店铺找到 172 件商品
2016-05-04 01:29:51 [main:6690856] - [DEBUG] 当前行 134：https://ccchaye.tmall.com	Tmall	118109664
2016-05-04 01:30:00 [main:6700178] - [DEBUG] 此店铺找到 29 件商品
2016-05-04 01:30:00 [main:6700178] - [DEBUG] 当前行 135：https://cch168.taobao.com/	TaoBao	107484972
2016-05-04 01:31:10 [main:6770406] - [DEBUG] 此店铺找到 406 件商品
2016-05-04 01:31:10 [main:6770407] - [DEBUG] 当前行 136：https://cchtea.taobao.com/	TaoBao	63220578
2016-05-04 01:31:17 [main:6776576] - [DEBUG] 此店铺找到 37 件商品
2016-05-04 01:31:17 [main:6776576] - [DEBUG] 当前行 137：https://ccyyhao.taobao.com/	TaoBao	61559828
2016-05-04 01:41:26 [main:7386235] - [DEBUG] 此店铺找到 5511 件商品
2016-05-04 01:41:26 [main:7386237] - [DEBUG] 当前行 138：https://chafangsanyu.taobao.com/	TaoBao	58188136
2016-05-04 01:41:30 [main:7389477] - [DEBUG] 此店铺找到 21 件商品
2016-05-04 01:41:30 [main:7389478] - [DEBUG] 当前行 139：https://chahuacq.tmall.com	Tmall	103895204
2016-05-04 01:41:44 [main:7403840] - [DEBUG] 此店铺找到 113 件商品
2016-05-04 01:41:44 [main:7403840] - [DEBUG] 当前行 140：https://channimei.taobao.com/	TaoBao	104205177
2016-05-04 01:41:58 [main:7417762] - [DEBUG] 此店铺找到 46 件商品
2016-05-04 01:41:58 [main:7417762] - [DEBUG] 当前行 141：https://chaojizhekou.taobao.com/	TaoBao	73479917
2016-05-04 01:42:01 [main:7421117] - [DEBUG] 此店铺找到 3 件商品
2016-05-04 01:42:01 [main:7421118] - [DEBUG] 当前行 142：https://chaozonghe.taobao.com/	TaoBao	63862702
2016-05-04 01:42:09 [main:7429121] - [DEBUG] 此店铺找到 49 件商品
2016-05-04 01:42:09 [main:7429121] - [DEBUG] 当前行 143：https://chen1580766.taobao.com/	TaoBao	57854989
2016-05-04 01:42:21 [main:7441439] - [DEBUG] 此店铺找到 49 件商品
2016-05-04 01:42:21 [main:7441439] - [DEBUG] 当前行 144：https://chengkoutechan.taobao.com/	TaoBao	61817566
2016-05-04 01:42:27 [main:7446742] - [DEBUG] 此店铺找到 13 件商品
2016-05-04 01:42:27 [main:7446742] - [DEBUG] 当前行 145：https://chengsezhuyi.taobao.com/	TaoBao	68914423
2016-05-04 01:42:36 [main:7456217] - [DEBUG] 当前行 146：https://chengxinnvbao.taobao.com/	TaoBao	71807183
2016-05-04 01:42:40 [main:7459612] - [DEBUG] 此店铺找到 4 件商品
2016-05-04 01:42:40 [main:7459612] - [DEBUG] 当前行 147：https://chinacq.taobao.com/	TaoBao	115759269
2016-05-04 01:42:53 [main:7473123] - [DEBUG] 此店铺找到 82 件商品
2016-05-04 01:42:53 [main:7473124] - [DEBUG] 当前行 148：https://chintchint.taobao.com/	TaoBao	60773780
2016-05-04 01:42:57 [main:7477240] - [DEBUG] 此店铺找到 12 件商品
2016-05-04 01:42:57 [main:7477240] - [DEBUG] 当前行 149：https://chongq-xdl.taobao.com/	TaoBao	62605945
2016-05-04 01:43:01 [main:7480780] - [DEBUG] 此店铺找到 1 件商品
2016-05-04 01:43:01 [main:7480781] - [DEBUG] 当前行 150：https://chongqfood.taobao.com/	TaoBao	104045027
2016-05-04 01:43:17 [main:7497052] - [DEBUG] 此店铺找到 83 件商品
2016-05-04 01:43:17 [main:7497053] - [DEBUG] 当前行 151：https://chongqintechang.taobao.com/	TaoBao	70315303
2016-05-04 01:43:20 [main:7500475] - [DEBUG] 此店铺找到 22 件商品
2016-05-04 01:43:20 [main:7500475] - [DEBUG] 当前行 152：https://chuandushipin.taobao.com/	TaoBao	62949594
2016-05-04 01:44:13 [main:7552808] - [DEBUG] 此店铺找到 273 件商品
2016-05-04 01:44:13 [main:7552808] - [DEBUG] 当前行 153：https://chuanfuji.taobao.com/	TaoBao	57306636
2016-05-04 01:44:16 [main:7556412] - [DEBUG] 此店铺找到 15 件商品
2016-05-04 01:44:16 [main:7556413] - [DEBUG] 当前行 154：https://chuangli66.taobao.com/	TaoBao	104109310
2016-05-04 01:44:20 [main:7559831] - [DEBUG] 此店铺找到 2 件商品
2016-05-04 01:44:20 [main:7559831] - [DEBUG] 当前行 155：https://chushangpin.taobao.com/	TaoBao	108383539
2016-05-04 01:44:43 [main:7582753] - [DEBUG] 此店铺找到 104 件商品
2016-05-04 01:44:43 [main:7582753] - [DEBUG] 当前行 156：https://cimeiwei.taobao.com/	TaoBao	107387133
2016-05-04 01:44:48 [main:7588311] - [DEBUG] 此店铺找到 17 件商品
2016-05-04 01:44:48 [main:7588311] - [DEBUG] 当前行 157：https://ckllr.taobao.com/	TaoBao	102209027
2016-05-04 01:44:55 [main:7595438] - [DEBUG] 此店铺找到 11 件商品
2016-05-04 01:44:55 [main:7595438] - [DEBUG] 当前行 158：https://ckttc.taobao.com/	TaoBao	58150013
2016-05-04 01:45:03 [main:7603321] - [DEBUG] 此店铺找到 35 件商品
2016-05-04 01:45:03 [main:7603322] - [DEBUG] 当前行 159：https://cnssgo.taobao.com/	TaoBao	59182572
2016-05-04 01:45:06 [main:7606423] - [DEBUG] 此店铺找到 8 件商品
2016-05-04 01:45:06 [main:7606424] - [DEBUG] 当前行 160：https://cnxyflower.taobao.com/	TaoBao	33755382
2016-05-04 01:49:03 [main:7842478] - [DEBUG] 此店铺找到 1612 件商品
2016-05-04 01:49:03 [main:7842478] - [DEBUG] 当前行 161：https://cocokoer.taobao.com/	TaoBao	33096322
2016-05-04 01:49:21 [main:7861451] - [DEBUG] 此店铺找到 145 件商品
2016-05-04 01:49:21 [main:7861452] - [DEBUG] 当前行 162：https://cq-cake.taobao.com/	TaoBao	102394223
2016-05-04 01:49:28 [main:7867525] - [DEBUG] 此店铺找到 5 件商品
2016-05-04 01:49:28 [main:7867525] - [DEBUG] 当前行 163：https://cq-dameizi.taobao.com/	TaoBao	72222578
2016-05-04 01:49:32 [main:7871530] - [DEBUG] 此店铺找到 13 件商品
2016-05-04 01:49:32 [main:7871530] - [DEBUG] 当前行 164：https://cq-qiuxia.taobao.com/	TaoBao	70882524
2016-05-04 01:49:38 [main:7878270] - [DEBUG] 此店铺找到 35 件商品
2016-05-04 01:49:38 [main:7878270] - [DEBUG] 当前行 165：https://cq-sausage.taobao.com/	TaoBao	105415309
2016-05-04 01:49:42 [main:7881999] - [DEBUG] 此店铺找到 9 件商品
2016-05-04 01:49:42 [main:7881999] - [DEBUG] 当前行 166：https://cq-yicheng.taobao.com/	TaoBao	69469227
2016-05-04 01:50:29 [main:7929003] - [DEBUG] 此店铺找到 303 件商品
2016-05-04 01:50:29 [main:7929003] - [DEBUG] 当前行 167：https://cq98998.taobao.com/	TaoBao	103206162
2016-05-04 01:50:38 [main:7937578] - [DEBUG] 当前行 168：https://cqbole.taobao.com/	TaoBao	36436803
2016-05-04 01:50:49 [main:7948904] - [DEBUG] 当前行 169：https://cqbuf.taobao.com/	TaoBao	59616652
2016-05-04 01:51:46 [main:8005674] - [DEBUG] 此店铺找到 369 件商品
2016-05-04 01:51:46 [main:8005675] - [DEBUG] 当前行 170：https://cqbwj520.taobao.com/	TaoBao	71015623
2016-05-04 01:51:50 [main:8009596] - [DEBUG] 此店铺找到 9 件商品
2016-05-04 01:51:50 [main:8009596] - [DEBUG] 当前行 171：https://cqchengshan.taobao.com/	TaoBao	64580313
2016-05-04 01:51:53 [main:8013375] - [DEBUG] 此店铺找到 1 件商品
2016-05-04 01:51:53 [main:8013375] - [DEBUG] 当前行 172：https://cqchenmahua.taobao.com/	TaoBao	124648221
2016-05-04 01:52:03 [main:8023217] - [DEBUG] 此店铺找到 71 件商品
2016-05-04 01:52:03 [main:8023217] - [DEBUG] 当前行 173：https://cqchi.taobao.com/	TaoBao	102429455
2016-05-04 01:52:35 [main:8055403] - [DEBUG] 此店铺找到 175 件商品
2016-05-04 01:52:35 [main:8055403] - [DEBUG] 当前行 174：https://cqchinatea.taobao.com/	TaoBao	35576971
2016-05-04 01:52:44 [main:8064100] - [DEBUG] 此店铺找到 51 件商品
2016-05-04 01:52:44 [main:8064100] - [DEBUG] 当前行 175：https://cqcmh.taobao.com/	TaoBao	69778224
2016-05-04 01:52:48 [main:8068081] - [DEBUG] 此店铺找到 19 件商品
2016-05-04 01:52:48 [main:8068081] - [DEBUG] 当前行 176：https://cqcvc.taobao.com/	TaoBao	115200620
2016-05-04 01:53:04 [main:8083654] - [DEBUG] 此店铺找到 111 件商品
2016-05-04 01:53:04 [main:8083654] - [DEBUG] 当前行 177：https://cqcycy.tmall.com	Tmall	116599061
2016-05-04 01:53:11 [main:8090942] - [DEBUG] 此店铺找到 47 件商品
2016-05-04 01:53:11 [main:8090942] - [DEBUG] 当前行 178：https://cqdabashan.taobao.com/	TaoBao	100207732
2016-05-04 01:53:17 [main:8097018] - [DEBUG] 此店铺找到 4 件商品
2016-05-04 01:53:17 [main:8097018] - [DEBUG] 当前行 179：https://cqdbs.taobao.com/	TaoBao	73357276
2016-05-04 01:53:20 [main:8099936] - [DEBUG] 此店铺找到 2 件商品
2016-05-04 01:53:20 [main:8099936] - [DEBUG] 当前行 180：https://cqdg.taobao.com/	TaoBao	60176976
2016-05-04 01:53:40 [main:8119866] - [DEBUG] 此店铺找到 133 件商品
2016-05-04 01:53:40 [main:8119866] - [DEBUG] 当前行 181：https://cqdsg.taobao.com/	TaoBao	35270774
2016-05-04 01:53:44 [main:8123985] - [DEBUG] 此店铺找到 24 件商品
2016-05-04 01:53:44 [main:8123985] - [DEBUG] 当前行 182：https://cqdxcbs.tmall.com	Tmall	111450279
2016-05-04 01:57:03 [main:8323377] - [DEBUG] 此店铺找到 3079 件商品
2016-05-04 01:57:03 [main:8323378] - [DEBUG] 当前行 183：https://cqdxch.taobao.com/	TaoBao	111762302
2016-05-04 01:57:13 [main:8332883] - [DEBUG] 此店铺找到 29 件商品
2016-05-04 01:57:13 [main:8332883] - [DEBUG] 当前行 184：https://cqfdhdnr.taobao.com/	TaoBao	58258752
2016-05-04 01:57:26 [main:8345568] - [DEBUG] 此店铺找到 79 件商品
2016-05-04 01:57:26 [main:8345568] - [DEBUG] 当前行 185：https://cqfengjie.taobao.com/	TaoBao	36537286
2016-05-04 01:57:30 [main:8350177] - [DEBUG] 此店铺找到 10 件商品
2016-05-04 01:57:30 [main:8350178] - [DEBUG] 当前行 186：https://cqfjqc.taobao.com/	TaoBao	63001941
2016-05-04 01:57:33 [main:8353279] - [DEBUG] 此店铺找到 4 件商品
2016-05-04 01:57:33 [main:8353279] - [DEBUG] 当前行 187：https://cqguobayin.taobao.com/	TaoBao	106535903
2016-05-04 01:58:06 [main:8386402] - [DEBUG] 此店铺找到 222 件商品
2016-05-04 01:58:06 [main:8386402] - [DEBUG] 当前行 188：https://cqhczjw.taobao.com/	TaoBao	101899965
2016-05-04 01:58:55 [main:8434964] - [DEBUG] 此店铺找到 364 件商品
2016-05-04 01:58:55 [main:8434964] - [DEBUG] 当前行 189：https://cqhlwy.taobao.com/	TaoBao	70443342
2016-05-04 01:59:01 [main:8440860] - [DEBUG] 此店铺找到 27 件商品
2016-05-04 01:59:01 [main:8440860] - [DEBUG] 当前行 190：https://cqhsh.taobao.com/	TaoBao	57846232
2016-05-04 01:59:04 [main:8444452] - [DEBUG] 此店铺找到 17 件商品
2016-05-04 01:59:04 [main:8444452] - [DEBUG] 当前行 191：https://cqhylp.taobao.com/	TaoBao	69879974
2016-05-04 01:59:08 [main:8447866] - [DEBUG] 此店铺找到 17 件商品
2016-05-04 01:59:08 [main:8447867] - [DEBUG] 当前行 192：https://cqjbts.tmall.com	Tmall	107660259
2016-05-04 02:17:33 [main:9553024] - [DEBUG] 此店铺找到 15240 件商品
2016-05-04 02:17:33 [main:9553024] - [DEBUG] 当前行 193：https://cqjh.taobao.com/	TaoBao	36241370
2016-05-04 02:18:00 [main:9580200] - [DEBUG] 此店铺找到 162 件商品
2016-05-04 02:18:00 [main:9580200] - [DEBUG] 当前行 194：https://cqjindan.taobao.com/	TaoBao	57886409
2016-05-04 02:18:04 [main:9584104] - [DEBUG] 此店铺找到 24 件商品
2016-05-04 02:18:04 [main:9584104] - [DEBUG] 当前行 195：https://cqjqny.taobao.com/	TaoBao	70785540
2016-05-04 02:18:12 [main:9592257] - [DEBUG] 当前行 196：https://cqjsd.taobao.com/	TaoBao	107789281
2016-05-04 02:18:23 [main:9603443] - [DEBUG] 当前行 197：https://cqjuweixian.taobao.com/	TaoBao	112940845
2016-05-04 02:18:28 [main:9608085] - [DEBUG] 此店铺找到 19 件商品
2016-05-04 02:18:28 [main:9608085] - [DEBUG] 当前行 198：https://cqjxdwd.taobao.com/	TaoBao	62549536
2016-05-04 02:19:07 [main:9646654] - [DEBUG] 此店铺找到 256 件商品
2016-05-04 02:19:07 [main:9646655] - [DEBUG] 当前行 199：https://cqjxw.taobao.com/	TaoBao	63039266
2016-05-04 02:19:35 [main:9675224] - [DEBUG] 此店铺找到 172 件商品
2016-05-04 02:19:35 [main:9675224] - [DEBUG] 当前行 200：https://cqkangdu.taobao.com/	TaoBao	72852045
2016-05-04 02:19:44 [main:9683796] - [DEBUG] 此店铺找到 16 件商品
2016-05-04 02:19:44 [main:9683796] - [DEBUG] 当前行 201：https://cqkp.taobao.com/	TaoBao	107847375
2016-05-04 02:19:47 [main:9686968] - [DEBUG] 此店铺找到 6 件商品
2016-05-04 02:19:47 [main:9686969] - [DEBUG] 当前行 202：https://cqkxjc.taobao.com/	TaoBao	65044978
2016-05-04 02:19:57 [main:9696861] - [DEBUG] 此店铺找到 57 件商品
2016-05-04 02:19:57 [main:9696861] - [DEBUG] 当前行 203：https://cqll.taobao.com/	TaoBao	33539127
2016-05-04 02:20:03 [main:9702786] - [DEBUG] 此店铺找到 31 件商品
2016-05-04 02:20:03 [main:9702786] - [DEBUG] 当前行 204：https://cqllsp.taobao.com/	TaoBao	68985137
2016-05-04 02:20:12 [main:9712387] - [DEBUG] 此店铺找到 61 件商品
2016-05-04 02:20:12 [main:9712387] - [DEBUG] 当前行 205：https://cqlp.taobao.com/	TaoBao	104726015
2016-05-04 02:20:24 [main:9724086] - [DEBUG] 此店铺找到 62 件商品
2016-05-04 02:20:24 [main:9724086] - [DEBUG] 当前行 206：https://cqlpyzyxg.taobao.com/	TaoBao	62188361
2016-05-04 02:20:37 [main:9737211] - [DEBUG] 此店铺找到 64 件商品
2016-05-04 02:20:37 [main:9737212] - [DEBUG] 当前行 207：https://cqmeiertcms.taobao.com/	TaoBao	69862723
2016-05-04 02:20:45 [main:9744664] - [DEBUG] 此店铺找到 30 件商品
2016-05-04 02:20:45 [main:9744664] - [DEBUG] 当前行 208：https://cqmeishicheng.taobao.com/	TaoBao	108510522
2016-05-04 02:20:50 [main:9750285] - [DEBUG] 此店铺找到 25 件商品
2016-05-04 02:20:50 [main:9750285] - [DEBUG] 当前行 209：https://cqmlh.taobao.com/	TaoBao	72164692
2016-05-04 02:20:54 [main:9753794] - [DEBUG] 此店铺找到 1 件商品
2016-05-04 02:20:54 [main:9753795] - [DEBUG] 当前行 210：https://cqmz.taobao.com/	TaoBao	69390129
2016-05-04 02:21:03 [main:9763126] - [DEBUG] 此店铺找到 62 件商品
2016-05-04 02:21:03 [main:9763126] - [DEBUG] 当前行 211：https://cqnuoya.taobao.com/	TaoBao	34805260
2016-05-04 02:22:14 [main:9834114] - [DEBUG] 此店铺找到 460 件商品
2016-05-04 02:22:14 [main:9834114] - [DEBUG] 当前行 212：https://cqpangduoduo.taobao.com/	TaoBao	63416952
2016-05-04 02:22:17 [main:9837249] - [DEBUG] 此店铺找到 10 件商品
2016-05-04 02:22:17 [main:9837249] - [DEBUG] 当前行 213：https://cqpg.taobao.com/	TaoBao	64998524
2016-05-04 02:22:21 [main:9840948] - [DEBUG] 此店铺找到 2 件商品
2016-05-04 02:22:21 [main:9840949] - [DEBUG] 当前行 214：https://cqqinyuanshipin.tmall.com	Tmall	117302519
2016-05-04 02:22:27 [main:9846887] - [DEBUG] 此店铺找到 10 件商品
2016-05-04 02:22:27 [main:9846887] - [DEBUG] 当前行 215：https://cqscbb.taobao.com/	TaoBao	59873184
2016-05-04 02:22:32 [main:9852374] - [DEBUG] 此店铺找到 2 件商品
2016-05-04 02:22:32 [main:9852375] - [DEBUG] 当前行 216：https://cqsf123.taobao.com/	TaoBao	116688624
2016-05-04 02:23:00 [main:9880157] - [DEBUG] 此店铺找到 157 件商品
2016-05-04 02:23:00 [main:9880158] - [DEBUG] 当前行 217：https://cqsxrj.taobao.com/	TaoBao	135610206
2016-05-04 02:23:04 [main:9883599] - [DEBUG] 此店铺找到 8 件商品
2016-05-04 02:23:04 [main:9883599] - [DEBUG] 当前行 218：https://cqszds.taobao.com/	TaoBao	103828243
2016-05-04 02:23:10 [main:9889851] - [DEBUG] 此店铺找到 35 件商品
2016-05-04 02:23:10 [main:9889852] - [DEBUG] 当前行 219：https://cqszw.taobao.com/	TaoBao	118414315
2016-05-04 02:23:19 [main:9898942] - [DEBUG] 此店铺找到 51 件商品
2016-05-04 02:23:19 [main:9898942] - [DEBUG] 当前行 220：https://cqtc.taobao.com/	TaoBao	34118438
2016-05-04 02:23:41 [main:9920665] - [DEBUG] 此店铺找到 171 件商品
2016-05-04 02:23:41 [main:9920666] - [DEBUG] 当前行 221：https://cqtch.taobao.com/	TaoBao	65471745
2016-05-04 02:23:47 [main:9926699] - [DEBUG] 此店铺找到 37 件商品
2016-05-04 02:23:47 [main:9926699] - [DEBUG] 当前行 222：https://cqtczm.taobao.com/	TaoBao	57652114
2016-05-04 02:24:23 [main:9962585] - [DEBUG] 此店铺找到 207 件商品
2016-05-04 02:24:23 [main:9962585] - [DEBUG] 当前行 223：https://cqtechan.taobao.com/	TaoBao	102621012
2016-05-04 02:24:58 [main:9998374] - [DEBUG] 此店铺找到 200 件商品
2016-05-04 02:24:58 [main:9998375] - [DEBUG] 当前行 224：https://cqthg.taobao.com/	TaoBao	102768751
2016-05-04 02:25:02 [main:10002002] - [DEBUG] 此店铺找到 12 件商品
2016-05-04 02:25:02 [main:10002003] - [DEBUG] 当前行 225：https://cqtjsf.taobao.com/	TaoBao	106769776
2016-05-04 02:25:10 [main:10009720] - [DEBUG] 此店铺找到 35 件商品
2016-05-04 02:25:10 [main:10009722] - [DEBUG] 当前行 226：https://cqtsgw.taobao.com/	TaoBao	127765097
2016-05-04 02:25:23 [main:10022670] - [DEBUG] 此店铺找到 72 件商品
2016-05-04 02:25:23 [main:10022671] - [DEBUG] 当前行 227：https://cqtuhuo.taobao.com/	TaoBao	66251241
2016-05-04 02:25:31 [main:10030759] - [DEBUG] 此店铺找到 37 件商品
2016-05-04 02:25:31 [main:10030759] - [DEBUG] 当前行 228：https://cqtutechan.taobao.com/	TaoBao	58279072
2016-05-04 02:25:34 [main:10034288] - [DEBUG] 此店铺找到 19 件商品
2016-05-04 02:25:34 [main:10034288] - [DEBUG] 当前行 229：https://cqtzsp.tmall.com	Tmall	67575308
2016-05-04 02:25:42 [main:10041906] - [DEBUG] 此店铺找到 75 件商品
2016-05-04 02:25:42 [main:10041907] - [DEBUG] 当前行 230：https://cqwd.taobao.com/	TaoBao	102497738
2016-05-04 02:26:14 [main:10074091] - [DEBUG] 此店铺找到 173 件商品
2016-05-04 02:26:14 [main:10074091] - [DEBUG] 当前行 231：https://cqwu.taobao.com/	TaoBao	65807629
2016-05-04 02:26:19 [main:10079388] - [DEBUG] 此店铺找到 28 件商品
2016-05-04 02:26:19 [main:10079388] - [DEBUG] 当前行 232：https://cqwxsh.taobao.com/	TaoBao	106455446
2016-05-04 02:26:39 [main:10098520] - [DEBUG] 此店铺找到 159 件商品
2016-05-04 02:26:39 [main:10098520] - [DEBUG] 当前行 233：https://cqwxtc.taobao.com/	TaoBao	67244375
2016-05-04 02:26:52 [main:10111549] - [DEBUG] 此店铺找到 78 件商品
2016-05-04 02:26:52 [main:10111549] - [DEBUG] 当前行 234：https://cqxianglixiang.taobao.com/	TaoBao	69303461
2016-05-04 02:27:00 [main:10120182] - [DEBUG] 此店铺找到 60 件商品
2016-05-04 02:27:00 [main:10120182] - [DEBUG] 当前行 235：https://cqxjdts.tmall.com	Tmall	101937091
2016-05-04 02:31:40 [main:10399575] - [DEBUG] 此店铺找到 3531 件商品
2016-05-04 02:31:40 [main:10399576] - [DEBUG] 当前行 236：https://cqxmtjl.tmall.com	Tmall	101481055
2016-05-04 02:31:48 [main:10408114] - [DEBUG] 当前行 237：https://cqxshh.taobao.com/	TaoBao	68304697
2016-05-04 02:32:00 [main:10420279] - [DEBUG] 当前行 238：https://cqybb.taobao.com/	TaoBao	102671148
2016-05-04 02:32:51 [main:10470712] - [DEBUG] 此店铺找到 389 件商品
2016-05-04 02:32:51 [main:10470712] - [DEBUG] 当前行 239：https://cqyipopo.taobao.com/	TaoBao	129008272
2016-05-04 02:32:54 [main:10474176] - [DEBUG] 此店铺找到 14 件商品
2016-05-04 02:32:54 [main:10474176] - [DEBUG] 当前行 240：https://cqylpf.taobao.com/	TaoBao	67132834
2016-05-04 02:33:02 [main:10482291] - [DEBUG] 当前行 241：https://cqynt.taobao.com/	TaoBao	35849819
2016-05-04 02:33:06 [main:10485681] - [DEBUG] 此店铺找到 12 件商品
2016-05-04 02:33:06 [main:10485682] - [DEBUG] 当前行 242：https://cqyouxiangtc.taobao.com/	TaoBao	115281651
2016-05-04 02:33:17 [main:10496946] - [DEBUG] 此店铺找到 49 件商品
2016-05-04 02:33:17 [main:10496946] - [DEBUG] 当前行 243：https://cqyudongnanmt.taobao.com/	TaoBao	68805449
2016-05-04 02:33:44 [main:10524332] - [DEBUG] 此店铺找到 145 件商品
2016-05-04 02:33:44 [main:10524333] - [DEBUG] 当前行 244：https://cqyuhao.taobao.com/	TaoBao	127480874
2016-05-04 02:34:10 [main:10550350] - [DEBUG] 此店铺找到 149 件商品
2016-05-04 02:34:10 [main:10550350] - [DEBUG] 当前行 245：https://cqyunfan.taobao.com/	TaoBao	34144561
2016-05-04 02:34:29 [main:10568525] - [DEBUG] 此店铺找到 108 件商品
2016-05-04 02:34:29 [main:10568525] - [DEBUG] 当前行 246：https://cqyunguo.taobao.com/	TaoBao	107069697
2016-05-04 02:34:32 [main:10572057] - [DEBUG] 此店铺找到 5 件商品
2016-05-04 02:34:32 [main:10572057] - [DEBUG] 当前行 247：https://cqyuqucha.taobao.com/	TaoBao	64684454
2016-05-04 02:34:38 [main:10578089] - [DEBUG] 此店铺找到 38 件商品
2016-05-04 02:34:38 [main:10578089] - [DEBUG] 当前行 248：https://cqyushihui.taobao.com/	TaoBao	104110477
2016-05-04 02:35:31 [main:10631269] - [DEBUG] 此店铺找到 395 件商品
2016-05-04 02:35:31 [main:10631269] - [DEBUG] 当前行 249：https://cqyxn.taobao.com/	TaoBao	33847208
2016-05-04 02:37:01 [main:10721115] - [DEBUG] 此店铺找到 545 件商品
2016-05-04 02:37:01 [main:10721117] - [DEBUG] 当前行 250：https://cqyyc.taobao.com/	TaoBao	66108172
2016-05-04 02:37:05 [main:10724721] - [DEBUG] 此店铺找到 1 件商品
2016-05-04 02:37:05 [main:10724721] - [DEBUG] 当前行 251：https://cqzysp.taobao.com/	TaoBao	58265134
2016-05-04 02:37:08 [main:10727625] - [DEBUG] 此店铺找到 5 件商品
2016-05-04 02:37:08 [main:10727625] - [DEBUG] 当前行 252：https://crsjsy.taobao.com/	TaoBao	64576310
2016-05-04 02:38:29 [main:10808802] - [DEBUG] 此店铺找到 623 件商品
2016-05-04 02:38:29 [main:10808803] - [DEBUG] 当前行 253：https://cwjmh.taobao.com/	TaoBao	128743849
2016-05-04 02:38:36 [main:10815861] - [DEBUG] 此店铺找到 35 件商品
2016-05-04 02:38:36 [main:10815861] - [DEBUG] 当前行 254：https://cx150636.taobao.com/	TaoBao	107641994
2016-05-04 02:38:51 [main:10830593] - [DEBUG] 此店铺找到 76 件商品
2016-05-04 02:38:51 [main:10830593] - [DEBUG] 当前行 255：https://cxcysgp.taobao.com/	TaoBao	102282417
2016-05-04 02:38:57 [main:10837199] - [DEBUG] 此店铺找到 35 件商品
2016-05-04 02:38:57 [main:10837199] - [DEBUG] 当前行 256：https://czrj888.taobao.com/	TaoBao	61688549
2016-05-04 02:41:43 [main:11002711] - [DEBUG] 此店铺找到 1220 件商品
2016-05-04 02:41:43 [main:11002712] - [DEBUG] 当前行 257：https://czysgd.taobao.com/	TaoBao	100778539
2016-05-04 02:41:47 [main:11006904] - [DEBUG] 此店铺找到 14 件商品
2016-05-04 02:41:47 [main:11006904] - [DEBUG] 当前行 258：https://dafa-dafa.taobao.com/	TaoBao	106487785
2016-05-04 02:41:51 [main:11010569] - [DEBUG] 此店铺找到 1 件商品
2016-05-04 02:41:51 [main:11010569] - [DEBUG] 当前行 259：https://davwoo.taobao.com/	TaoBao	36418554
2016-05-04 02:42:22 [main:11042363] - [DEBUG] 此店铺找到 180 件商品
2016-05-04 02:42:22 [main:11042363] - [DEBUG] 当前行 260：https://dayuchihuo.taobao.com/	TaoBao	68933217
2016-05-04 02:42:26 [main:11046299] - [DEBUG] 此店铺找到 3 件商品
2016-05-04 02:42:26 [main:11046299] - [DEBUG] 当前行 261：https://dazuchuanzang.taobao.com/	TaoBao	70247016
2016-05-04 02:42:32 [main:11052170] - [DEBUG] 此店铺找到 27 件商品
2016-05-04 02:42:32 [main:11052170] - [DEBUG] 当前行 262：https://dazuibamc.taobao.com/	TaoBao	105604536
2016-05-04 02:42:37 [main:11056891] - [DEBUG] 此店铺找到 13 件商品
2016-05-04 02:42:37 [main:11056892] - [DEBUG] 当前行 263：https://dbslyb.taobao.com/	TaoBao	107106964
2016-05-04 02:42:41 [main:11060614] - [DEBUG] 此店铺找到 7 件商品
2016-05-04 02:42:41 [main:11060615] - [DEBUG] 当前行 264：https://dbyfl.taobao.com/	TaoBao	68989795
2016-05-04 02:42:48 [main:11068234] - [DEBUG] 此店铺找到 41 件商品
2016-05-04 02:42:48 [main:11068234] - [DEBUG] 当前行 265：https://ddms1018.taobao.com/	TaoBao	112020428
2016-05-04 02:42:54 [main:11074398] - [DEBUG] 此店铺找到 46 件商品
2016-05-04 02:42:54 [main:11074399] - [DEBUG] 当前行 266：https://ddsp.tmall.com	Tmall	103681441
2016-05-04 02:43:04 [main:11084431] - [DEBUG] 此店铺找到 93 件商品
2016-05-04 02:43:04 [main:11084432] - [DEBUG] 当前行 267：https://dengtao1987.taobao.com/	TaoBao	72461333
2016-05-04 03:20:37 [main:13336566] - [DEBUG] 此店铺找到 19248 件商品
2016-05-04 03:20:37 [main:13336566] - [DEBUG] 当前行 268：https://deventea.taobao.com/	TaoBao	112673442
2016-05-04 03:20:47 [main:13347221] - [DEBUG] 当前行 269：https://dezhuang.tmall.com	Tmall	108948613
2016-05-04 03:21:00 [main:13359928] - [DEBUG] 此店铺找到 85 件商品
2016-05-04 03:21:00 [main:13359928] - [DEBUG] 当前行 270：https://dieyusp.tmall.com	Tmall	125216551
2016-05-04 03:21:09 [main:13369055] - [DEBUG] 此店铺找到 64 件商品
2016-05-04 03:21:09 [main:13369056] - [DEBUG] 当前行 271：https://dnbbook.taobao.com/	TaoBao	71829226
2016-05-04 03:21:15 [main:13375397] - [DEBUG] 此店铺找到 13 件商品
2016-05-04 03:21:15 [main:13375397] - [DEBUG] 当前行 272：https://dodosp.taobao.com/	TaoBao	102286672
2016-05-04 03:21:24 [main:13384429] - [DEBUG] 此店铺找到 40 件商品
2016-05-04 03:21:24 [main:13384430] - [DEBUG] 当前行 273：https://dongliandl.taobao.com/	TaoBao	66218989
2016-05-04 03:21:28 [main:13387674] - [DEBUG] 此店铺找到 7 件商品
2016-05-04 03:21:28 [main:13387674] - [DEBUG] 当前行 274：https://douqusp.tmall.com	Tmall	145654336
2016-05-04 03:21:33 [main:13392864] - [DEBUG] 此店铺找到 12 件商品
2016-05-04 03:21:33 [main:13392864] - [DEBUG] 当前行 275：https://douyawowo.taobao.com/	TaoBao	33965109
2016-05-04 03:21:40 [main:13399653] - [DEBUG] 此店铺找到 10 件商品
2016-05-04 03:21:40 [main:13399653] - [DEBUG] 当前行 276：https://dsgjz.taobao.com/	TaoBao	72796039
2016-05-04 03:21:45 [main:13405424] - [DEBUG] 此店铺找到 18 件商品
2016-05-04 03:21:45 [main:13405424] - [DEBUG] 当前行 277：https://dspiao.taobao.com/	TaoBao	65146371
2016-05-04 03:21:51 [main:13411402] - [DEBUG] 此店铺找到 43 件商品
2016-05-04 03:21:51 [main:13411402] - [DEBUG] 当前行 278：https://dunhuangsp.tmall.com	Tmall	100299531
2016-05-04 03:22:29 [main:13449034] - [DEBUG] 此店铺找到 581 件商品
2016-05-04 03:22:29 [main:13449034] - [DEBUG] 当前行 279：https://duniuds.taobao.com/	TaoBao	61591902
2016-05-04 03:22:35 [main:13455299] - [DEBUG] 此店铺找到 5 件商品
2016-05-04 03:22:35 [main:13455299] - [DEBUG] 当前行 280：https://dxlcy.tmall.com	Tmall	104662005
2016-05-04 03:22:54 [main:13473844] - [DEBUG] 此店铺找到 162 件商品
2016-05-04 03:22:54 [main:13473844] - [DEBUG] 当前行 281：https://dxshipin.tmall.com	Tmall	110412755
2016-05-04 03:22:58 [main:13478249] - [DEBUG] 此店铺找到 17 件商品
2016-05-04 03:22:58 [main:13478249] - [DEBUG] 当前行 282：https://dyhg.taobao.com/	TaoBao	59783648
2016-05-04 03:23:30 [main:13510307] - [DEBUG] 此店铺找到 189 件商品
2016-05-04 03:23:30 [main:13510307] - [DEBUG] 当前行 283：https://dzsp.taobao.com/	TaoBao	116204092
2016-05-04 03:23:44 [main:13523872] - [DEBUG] 此店铺找到 89 件商品
2016-05-04 03:23:44 [main:13523872] - [DEBUG] 当前行 284：https://ellynzeng.taobao.com/	TaoBao	62377357
2016-05-04 03:23:52 [main:13531820] - [DEBUG] 此店铺找到 34 件商品
2016-05-04 03:23:52 [main:13531820] - [DEBUG] 当前行 285：https://endwine.taobao.com/	TaoBao	59753433
2016-05-04 03:23:55 [main:13535272] - [DEBUG] 此店铺找到 11 件商品
2016-05-04 03:23:55 [main:13535272] - [DEBUG] 当前行 286：https://eyiunstyle.taobao.com/	TaoBao	34445919
2016-05-04 03:24:10 [main:13549937] - [DEBUG] 此店铺找到 97 件商品
2016-05-04 03:24:10 [main:13549937] - [DEBUG] 当前行 287：https://farmeasy.taobao.com/	TaoBao	62993844
2016-05-04 03:24:14 [main:13553894] - [DEBUG] 此店铺找到 21 件商品
2016-05-04 03:24:14 [main:13553894] - [DEBUG] 当前行 288：https://fc588.taobao.com/	TaoBao	57801443
2016-05-04 03:24:24 [main:13564462] - [DEBUG] 此店铺找到 60 件商品
2016-05-04 03:24:24 [main:13564462] - [DEBUG] 当前行 289：https://fei-dangao.taobao.com/	TaoBao	105572543
2016-05-04 03:24:39 [main:13579360] - [DEBUG] 此店铺找到 106 件商品
2016-05-04 03:24:39 [main:13579360] - [DEBUG] 当前行 290：https://feibenben.taobao.com/	TaoBao	73418202
2016-05-04 03:24:43 [main:13582820] - [DEBUG] 此店铺找到 3 件商品
2016-05-04 03:24:43 [main:13582820] - [DEBUG] 当前行 291：https://feiyangshipin.taobao.com/	TaoBao	102536624
2016-05-04 03:24:47 [main:13586887] - [DEBUG] 此店铺找到 22 件商品
2016-05-04 03:24:47 [main:13586887] - [DEBUG] 当前行 292：https://fenfen522366534.taobao.com/	TaoBao	66112019
2016-05-04 03:24:53 [main:13593046] - [DEBUG] 此店铺找到 40 件商品
2016-05-04 03:24:53 [main:13593046] - [DEBUG] 当前行 293：https://fengjieguan.taobao.com/	TaoBao	60154969
2016-05-04 03:24:57 [main:13596674] - [DEBUG] 此店铺找到 5 件商品
2016-05-04 03:24:57 [main:13596674] - [DEBUG] 当前行 294：https://fengyepiaowu.taobao.com/	TaoBao	101835461
2016-05-04 03:32:46 [main:14066308] - [DEBUG] 此店铺找到 3749 件商品
2016-05-04 03:32:46 [main:14066308] - [DEBUG] 当前行 295：https://fengyulangqiao.taobao.com/	TaoBao	34356461
2016-05-04 03:32:50 [main:14069693] - [DEBUG] 此店铺找到 3 件商品
2016-05-04 03:32:50 [main:14069693] - [DEBUG] 当前行 296：https://fhsz.taobao.com/	TaoBao	68898339
2016-05-04 03:32:53 [main:14073219] - [DEBUG] 此店铺找到 21 件商品
2016-05-04 03:32:53 [main:14073219] - [DEBUG] 当前行 297：https://fjqc.taobao.com/	TaoBao	36377574
2016-05-04 03:32:57 [main:14076850] - [DEBUG] 此店铺找到 8 件商品
2016-05-04 03:32:57 [main:14076850] - [DEBUG] 当前行 298：https://fjqch.taobao.com/	TaoBao	71030271
2016-05-04 03:33:00 [main:14080094] - [DEBUG] 此店铺找到 3 件商品
2016-05-04 03:33:00 [main:14080094] - [DEBUG] 当前行 299：https://fjqczml1006.taobao.com/	TaoBao	67882038
2016-05-04 03:33:03 [main:14082801] - [DEBUG] 此店铺找到 4 件商品
2016-05-04 03:33:03 [main:14082801] - [DEBUG] 当前行 300：https://fjqicheng.taobao.com/	TaoBao	103922664
2016-05-04 03:33:06 [main:14086201] - [DEBUG] 此店铺找到 2 件商品
2016-05-04 03:33:06 [main:14086201] - [DEBUG] 当前行 301：https://flha.taobao.com/	TaoBao	60124648
2016-05-04 03:33:13 [main:14092531] - [DEBUG] 此店铺找到 31 件商品
2016-05-04 03:33:13 [main:14092531] - [DEBUG] 当前行 302：https://flmtc.taobao.com/	TaoBao	67584533
2016-05-04 03:33:25 [main:14104558] - [DEBUG] 此店铺找到 52 件商品
2016-05-04 03:33:25 [main:14104559] - [DEBUG] 当前行 303：https://flygoo.taobao.com/	TaoBao	125745959
2016-05-04 03:33:34 [main:14113554] - [DEBUG] 此店铺找到 52 件商品
2016-05-04 03:33:34 [main:14113554] - [DEBUG] 当前行 304：https://foodabt.taobao.com/	TaoBao	60919822
2016-05-04 03:34:01 [main:14140912] - [DEBUG] 此店铺找到 178 件商品
2016-05-04 03:34:01 [main:14140912] - [DEBUG] 当前行 305：https://fresh-star.taobao.com/	TaoBao	64144465
2016-05-04 03:34:04 [main:14144357] - [DEBUG] 此店铺找到 10 件商品
2016-05-04 03:34:04 [main:14144357] - [DEBUG] 当前行 306：https://fuhui0612.taobao.com/	TaoBao	107350611
2016-05-04 03:34:07 [main:14147335] - [DEBUG] 此店铺找到 1 件商品
2016-05-04 03:34:07 [main:14147335] - [DEBUG] 当前行 307：https://fwsc.taobao.com/	TaoBao	65925364
2016-05-04 03:34:23 [main:14162895] - [DEBUG] 此店铺找到 75 件商品
2016-05-04 03:34:23 [main:14162895] - [DEBUG] 当前行 308：https://ganjjyw.taobao.com/	TaoBao	112907723
2016-05-04 03:34:29 [main:14168760] - [DEBUG] 此店铺找到 16 件商品
2016-05-04 03:34:29 [main:14168760] - [DEBUG] 当前行 309：https://gdyjxch.taobao.com/	TaoBao	65690465
2016-05-04 03:35:52 [main:14252254] - [DEBUG] 此店铺找到 492 件商品
2016-05-04 03:35:52 [main:14252255] - [DEBUG] 当前行 310：https://gegegetujidan.taobao.com/	TaoBao	101835735
2016-05-04 03:35:56 [main:14256090] - [DEBUG] 此店铺找到 20 件商品
2016-05-04 03:35:56 [main:14256091] - [DEBUG] 当前行 311：https://ggbear.taobao.com/	TaoBao	35479989
2016-05-04 03:41:06 [main:14565697] - [DEBUG] 此店铺找到 2141 件商品
2016-05-04 03:41:06 [main:14565697] - [DEBUG] 当前行 312：https://globlehome.taobao.com/	TaoBao	104638832
2016-05-04 03:41:12 [main:14571904] - [DEBUG] 此店铺找到 42 件商品
2016-05-04 03:41:12 [main:14571904] - [DEBUG] 当前行 313：https://goodteas.taobao.com/	TaoBao	70750703
2016-05-04 03:41:20 [main:14579656] - [DEBUG] 此店铺找到 30 件商品
2016-05-04 03:41:20 [main:14579656] - [DEBUG] 当前行 314：https://guangxileidage.taobao.com/	TaoBao	64668526
2016-05-04 03:41:27 [main:14587199] - [DEBUG] 此店铺找到 47 件商品
2016-05-04 03:41:27 [main:14587199] - [DEBUG] 当前行 315：https://guanshiyin.taobao.com/	TaoBao	33537348
2016-05-04 03:41:40 [main:14600007] - [DEBUG] 此店铺找到 114 件商品
2016-05-04 03:41:40 [main:14600007] - [DEBUG] 当前行 316：https://gumplife.taobao.com/	TaoBao	107457125
2016-05-04 03:41:43 [main:14603420] - [DEBUG] 此店铺找到 17 件商品
2016-05-04 03:41:43 [main:14603420] - [DEBUG] 当前行 317：https://guolincc.taobao.com/	TaoBao	60478692
2016-05-04 03:41:51 [main:14610741] - [DEBUG] 此店铺找到 25 件商品
2016-05-04 03:41:51 [main:14610741] - [DEBUG] 当前行 318：https://gutaotechan.taobao.com/	TaoBao	102532595
2016-05-04 03:41:59 [main:14619193] - [DEBUG] 当前行 319：https://gzlsh.taobao.com/	TaoBao	64355660
2016-05-04 03:42:11 [main:14631453] - [DEBUG] 当前行 320：https://gzpxl.taobao.com/	TaoBao	35885490
2016-05-04 03:42:18 [main:14637702] - [DEBUG] 此店铺找到 29 件商品
2016-05-04 03:42:18 [main:14637702] - [DEBUG] 当前行 321：https://h-xmei.taobao.com/	TaoBao	34291909
2016-05-04 03:45:12 [main:14811487] - [DEBUG] 此店铺找到 1493 件商品
2016-05-04 03:45:12 [main:14811487] - [DEBUG] 当前行 322：https://haiyanbuxiefang.taobao.com/	TaoBao	105310230
2016-05-04 03:45:23 [main:14822717] - [DEBUG] 此店铺找到 48 件商品
2016-05-04 03:45:23 [main:14822717] - [DEBUG] 当前行 323：https://hanwuyuyu.taobao.com/	TaoBao	34057980
2016-05-04 03:45:43 [main:14843160] - [DEBUG] 此店铺找到 104 件商品
2016-05-04 03:45:43 [main:14843160] - [DEBUG] 当前行 324：https://haochigyiz.taobao.com/	TaoBao	107370421
2016-05-04 03:45:55 [main:14855095] - [DEBUG] 此店铺找到 61 件商品
2016-05-04 03:45:55 [main:14855095] - [DEBUG] 当前行 325：https://hc800.taobao.com/	TaoBao	66002160
2016-05-04 03:58:41 [main:15621319] - [DEBUG] 此店铺找到 4872 件商品
2016-05-04 03:58:41 [main:15621319] - [DEBUG] 当前行 326：https://hcsz1314.taobao.com/	TaoBao	106732147
2016-05-04 03:58:45 [main:15625026] - [DEBUG] 此店铺找到 11 件商品
2016-05-04 03:58:45 [main:15625026] - [DEBUG] 当前行 327：https://hdrms.taobao.com/	TaoBao	106601034
2016-05-04 03:58:49 [main:15629070] - [DEBUG] 此店铺找到 1 件商品
2016-05-04 03:58:49 [main:15629070] - [DEBUG] 当前行 328：https://hehuasp.tmall.com	Tmall	110410080
2016-05-04 03:58:57 [main:15636794] - [DEBUG] 此店铺找到 41 件商品
2016-05-04 03:58:57 [main:15636794] - [DEBUG] 当前行 329：https://hejunsiqi.taobao.com/	TaoBao	110159804
2016-05-04 03:59:03 [main:15642853] - [DEBUG] 此店铺找到 10 件商品
2016-05-04 03:59:03 [main:15642853] - [DEBUG] 当前行 330：https://hemeiyigou.taobao.com/	TaoBao	72450111
2016-05-04 03:59:31 [main:15671329] - [DEBUG] 此店铺找到 252 件商品
2016-05-04 03:59:31 [main:15671330] - [DEBUG] 当前行 331：https://hhzhen.taobao.com/	TaoBao	65887376
2016-05-04 04:00:15 [main:15714937] - [DEBUG] 此店铺找到 344 件商品
2016-05-04 04:00:15 [main:15714938] - [DEBUG] 当前行 332：https://hjj0530.taobao.com/	TaoBao	37028606
2016-05-04 04:00:24 [main:15723729] - [DEBUG] 此店铺找到 55 件商品
2016-05-04 04:00:24 [main:15723729] - [DEBUG] 当前行 333：https://hong99.tmall.com	Tmall	119776272
2016-05-04 04:00:30 [main:15729507] - [DEBUG] 此店铺找到 16 件商品
2016-05-04 04:00:30 [main:15729507] - [DEBUG] 当前行 334：https://horcen.taobao.com/	TaoBao	33218082
2016-05-04 04:03:41 [main:15921014] - [DEBUG] 此店铺找到 1381 件商品
2016-05-04 04:03:41 [main:15921015] - [DEBUG] 当前行 335：https://hotfood.taobao.com/	TaoBao	48333
2016-05-04 04:03:58 [main:15938254] - [DEBUG] 此店铺找到 88 件商品
2016-05-04 04:03:58 [main:15938254] - [DEBUG] 当前行 336：https://hsh666.taobao.com/	TaoBao	102304458
2016-05-04 04:04:22 [main:15961663] - [DEBUG] 此店铺找到 127 件商品
2016-05-04 04:04:22 [main:15961663] - [DEBUG] 当前行 337：https://htyhjl.taobao.com/	TaoBao	102265853
2016-05-04 04:04:58 [main:15998110] - [DEBUG] 此店铺找到 169 件商品
2016-05-04 04:04:58 [main:15998110] - [DEBUG] 当前行 338：https://huangchaosp.tmall.com	Tmall	113881129
2016-05-04 04:05:05 [main:16005283] - [DEBUG] 此店铺找到 46 件商品
2016-05-04 04:05:05 [main:16005283] - [DEBUG] 当前行 339：https://huanledoushipin.taobao.com/	TaoBao	123237810
2016-05-04 04:05:15 [main:16015177] - [DEBUG] 此店铺找到 49 件商品
2016-05-04 04:05:15 [main:16015178] - [DEBUG] 当前行 340：https://huaruisp.tmall.com	Tmall	111154820
2016-05-04 04:05:27 [main:16026790] - [DEBUG] 此店铺找到 63 件商品
2016-05-04 04:05:27 [main:16026791] - [DEBUG] 当前行 341：https://huoguo168.taobao.com/	TaoBao	62313970
2016-05-04 04:05:46 [main:16046474] - [DEBUG] 此店铺找到 112 件商品
2016-05-04 04:05:46 [main:16046474] - [DEBUG] 当前行 342：https://huowei.taobao.com/	TaoBao	64767692
2016-05-04 04:05:50 [main:16049653] - [DEBUG] 此店铺找到 1 件商品
2016-05-04 04:05:50 [main:16049653] - [DEBUG] 当前行 343：https://hystufengmi.taobao.com/	TaoBao	103241075
2016-05-04 04:05:53 [main:16052895] - [DEBUG] 此店铺找到 2 件商品
2016-05-04 04:05:53 [main:16052895] - [DEBUG] 当前行 344：https://i-xianhua.taobao.com/	TaoBao	34421050
2016-05-04 04:06:18 [main:16077530] - [DEBUG] 此店铺找到 206 件商品
2016-05-04 04:06:18 [main:16077531] - [DEBUG] 当前行 345：https://ianan.taobao.com/	TaoBao	100096084
2016-05-04 04:06:54 [main:16113945] - [DEBUG] 此店铺找到 237 件商品
2016-05-04 04:06:54 [main:16113945] - [DEBUG] 当前行 346：https://indiv.taobao.com/	TaoBao	58716194
2016-05-04 04:06:57 [main:16116898] - [DEBUG] 此店铺找到 2 件商品
2016-05-04 04:06:57 [main:16116898] - [DEBUG] 当前行 347：https://iq7070.taobao.com/	TaoBao	107682636
2016-05-04 04:07:00 [main:16119873] - [DEBUG] 此店铺找到 1 件商品
2016-05-04 04:07:00 [main:16119874] - [DEBUG] 当前行 348：https://iwulong.taobao.com/	TaoBao	127449014
2016-05-04 04:07:03 [main:16123419] - [DEBUG] 此店铺找到 14 件商品
2016-05-04 04:07:03 [main:16123420] - [DEBUG] 当前行 349：https://jfscs.taobao.com/	TaoBao	63991179
2016-05-04 04:07:09 [main:16129319] - [DEBUG] 此店铺找到 25 件商品
2016-05-04 04:07:09 [main:16129319] - [DEBUG] 当前行 350：https://jhjh.taobao.com/	TaoBao	34788482
2016-05-04 04:07:22 [main:16141535] - [DEBUG] 此店铺找到 95 件商品
2016-05-04 04:07:22 [main:16141535] - [DEBUG] 当前行 351：https://jhwsx168.taobao.com/	TaoBao	107230780
2016-05-04 04:07:25 [main:16144692] - [DEBUG] 此店铺找到 8 件商品
2016-05-04 04:07:25 [main:16144692] - [DEBUG] 当前行 352：https://jiangkang11111.taobao.com/	TaoBao	60560907
2016-05-04 04:07:56 [main:16176125] - [DEBUG] 此店铺找到 183 件商品
2016-05-04 04:07:56 [main:16176125] - [DEBUG] 当前行 353：https://jiangwanbin.taobao.com/	TaoBao	107061469
2016-05-04 04:08:03 [main:16182597] - [DEBUG] 此店铺找到 30 件商品
2016-05-04 04:08:03 [main:16182597] - [DEBUG] 当前行 354：https://jinfsh.taobao.com/	TaoBao	64467981
2016-05-04 04:08:06 [main:16185915] - [DEBUG] 此店铺找到 3 件商品
2016-05-04 04:08:06 [main:16185915] - [DEBUG] 当前行 355：https://jinglingzi.tmall.com	Tmall	70175244
2016-05-04 04:08:13 [main:16192610] - [DEBUG] 此店铺找到 14 件商品
2016-05-04 04:08:13 [main:16192610] - [DEBUG] 当前行 356：https://jinyuetao.taobao.com/	TaoBao	71551930
2016-05-04 04:08:19 [main:16199428] - [DEBUG] 此店铺找到 19 件商品
2016-05-04 04:08:19 [main:16199428] - [DEBUG] 当前行 357：https://jiuwei168.taobao.com/	TaoBao	111987564
2016-05-04 04:08:26 [main:16206070] - [DEBUG] 此店铺找到 35 件商品
2016-05-04 04:08:26 [main:16206070] - [DEBUG] 当前行 358：https://jiwubaoshi.taobao.com/	TaoBao	107274330
2016-05-04 04:08:29 [main:16209182] - [DEBUG] 此店铺找到 3 件商品
2016-05-04 04:08:29 [main:16209182] - [DEBUG] 当前行 359：https://jjmihuatang.taobao.com/	TaoBao	34561255
2016-05-04 04:08:39 [main:16218558] - [DEBUG] 此店铺找到 69 件商品
2016-05-04 04:08:39 [main:16218558] - [DEBUG] 当前行 360：https://jksp888888.taobao.com/	TaoBao	70204236
2016-05-04 04:08:47 [main:16226986] - [DEBUG] 当前行 361：https://jlxxh.taobao.com/	TaoBao	116714185
2016-05-04 04:08:58 [main:16238208] - [DEBUG] 当前行 362：https://jmzl.taobao.com/	TaoBao	57138483
2016-05-04 04:09:05 [main:16245120] - [DEBUG] 此店铺找到 38 件商品
2016-05-04 04:09:05 [main:16245120] - [DEBUG] 当前行 363：https://joulon.taobao.com/	TaoBao	106107050
2016-05-04 04:09:15 [main:16255355] - [DEBUG] 当前行 364：https://juewe.taobao.com/	TaoBao	115059611
2016-05-04 04:09:35 [main:16275187] - [DEBUG] 此店铺找到 116 件商品
2016-05-04 04:09:35 [main:16275187] - [DEBUG] 当前行 365：https://juzhiwei.taobao.com/	TaoBao	72060483
2016-05-04 04:09:39 [main:16278679] - [DEBUG] 此店铺找到 3 件商品
2016-05-04 04:09:39 [main:16278679] - [DEBUG] 当前行 366：https://jwzjsp.tmall.com	Tmall	117338978
2016-05-04 04:10:04 [main:16303617] - [DEBUG] 此店铺找到 276 件商品
2016-05-04 04:10:04 [main:16303617] - [DEBUG] 当前行 367：https://jxpw.taobao.com/	TaoBao	66602545
2016-05-04 04:10:18 [main:16318170] - [DEBUG] 此店铺找到 58 件商品
2016-05-04 04:10:18 [main:16318170] - [DEBUG] 当前行 368：https://jxyctc1.taobao.com/	TaoBao	67084395
2016-05-04 04:10:58 [main:16358030] - [DEBUG] 此店铺找到 260 件商品
2016-05-04 04:10:58 [main:16358030] - [DEBUG] 当前行 369：https://jymenye.taobao.com/	TaoBao	67531778
2016-05-04 04:11:02 [main:16361601] - [DEBUG] 此店铺找到 2 件商品
2016-05-04 04:11:02 [main:16361601] - [DEBUG] 当前行 370：https://jzr168.taobao.com/	TaoBao	67319837
2016-05-04 04:11:05 [main:16365238] - [DEBUG] 此店铺找到 6 件商品
2016-05-04 04:11:05 [main:16365238] - [DEBUG] 当前行 371：https://jzscha.taobao.com/	TaoBao	35336401
2016-05-04 04:11:16 [main:16376470] - [DEBUG] 此店铺找到 65 件商品
2016-05-04 04:11:16 [main:16376470] - [DEBUG] 当前行 372：https://kaixianguan.taobao.com/	TaoBao	130701452
2016-05-04 04:11:22 [main:16382258] - [DEBUG] 此店铺找到 19 件商品
2016-05-04 04:11:22 [main:16382258] - [DEBUG] 当前行 373：https://kaixiantechan.taobao.com/	TaoBao	101025336
2016-05-04 04:11:26 [main:16385972] - [DEBUG] 此店铺找到 1 件商品
2016-05-04 04:11:26 [main:16385972] - [DEBUG] 当前行 374：https://kalalagarden.taobao.com/	TaoBao	57705872
2016-05-04 04:11:32 [main:16392312] - [DEBUG] 此店铺找到 31 件商品
2016-05-04 04:11:32 [main:16392313] - [DEBUG] 当前行 375：https://kbjyc.taobao.com/	TaoBao	106150967
2016-05-04 04:11:35 [main:16395155] - [DEBUG] 此店铺找到 1 件商品
2016-05-04 04:11:35 [main:16395155] - [DEBUG] 当前行 376：https://kenhome.taobao.com/	TaoBao	105128601
2016-05-04 04:11:44 [main:16404169] - [DEBUG] 此店铺找到 64 件商品
2016-05-04 04:11:44 [main:16404169] - [DEBUG] 当前行 377：https://keyisp.tmall.com	Tmall	61978626
2016-05-04 04:12:18 [main:16437560] - [DEBUG] 此店铺找到 414 件商品
2016-05-04 04:12:18 [main:16437560] - [DEBUG] 当前行 378：https://khyhg.taobao.com/	TaoBao	136280834
2016-05-04 04:12:33 [main:16452649] - [DEBUG] 当前行 379：https://kkeji.taobao.com/	TaoBao	103623359
2016-05-04 04:12:40 [main:16459885] - [DEBUG] 此店铺找到 26 件商品
2016-05-04 04:12:40 [main:16459886] - [DEBUG] 当前行 380：https://kkmeishi.taobao.com/	TaoBao	107222899
2016-05-04 04:12:51 [main:16470918] - [DEBUG] 此店铺找到 75 件商品
2016-05-04 04:12:51 [main:16470918] - [DEBUG] 当前行 381：https://klqhtoy.taobao.com/	TaoBao	103211795
2016-05-04 04:12:54 [main:16474045] - [DEBUG] 此店铺找到 1 件商品
2016-05-04 04:12:54 [main:16474046] - [DEBUG] 当前行 382：https://ktnwts.tmall.com	Tmall	67265835
2016-05-04 04:35:41 [main:17840851] - [DEBUG] 此店铺找到 15780 件商品
2016-05-04 04:35:41 [main:17840852] - [DEBUG] 当前行 383：https://kuanghaiyan.taobao.com/	TaoBao	73214339
2016-05-04 04:35:59 [main:17859367] - [DEBUG] 此店铺找到 117 件商品
2016-05-04 04:35:59 [main:17859367] - [DEBUG] 当前行 384：https://kuanglianhuan.taobao.com/	TaoBao	66814592
2016-05-04 04:36:04 [main:17864121] - [DEBUG] 此店铺找到 19 件商品
2016-05-04 04:36:04 [main:17864121] - [DEBUG] 当前行 385：https://kuimenfang.taobao.com/	TaoBao	60149958
2016-05-04 04:36:11 [main:17870782] - [DEBUG] 此店铺找到 36 件商品
2016-05-04 04:36:11 [main:17870782] - [DEBUG] 当前行 386：https://kuotian.taobao.com/	TaoBao	108839350
2016-05-04 04:41:22 [main:18182054] - [DEBUG] 当前行 386：https://kuotian.taobao.com/	TaoBao	108839350
2016-05-04 04:41:37 [main:18196567] - [DEBUG] 此店铺找到 30 件商品
2016-05-04 04:41:37 [main:18196567] - [DEBUG] 当前行 387：https://laolumizhi.taobao.com/	TaoBao	34388222
2016-05-04 04:41:41 [main:18200875] - [DEBUG] 此店铺找到 3 件商品
2016-05-04 04:41:41 [main:18200875] - [DEBUG] 当前行 388：https://laoshir.taobao.com/	TaoBao	67451563
2016-05-04 04:42:06 [main:18226475] - [DEBUG] 此店铺找到 130 件商品
2016-05-04 04:42:06 [main:18226475] - [DEBUG] 当前行 389：https://ldxs.taobao.com/	TaoBao	105004453
2016-05-04 04:42:41 [main:18260615] - [DEBUG] 此店铺找到 246 件商品
2016-05-04 04:42:41 [main:18260615] - [DEBUG] 当前行 390：https://lehuobang.taobao.com/	TaoBao	63530794
2016-05-04 04:42:45 [main:18264907] - [DEBUG] 此店铺找到 4 件商品
2016-05-04 04:42:45 [main:18264908] - [DEBUG] 当前行 391：https://liangliangqiang.taobao.com/	TaoBao	33258413
2016-05-04 04:42:49 [main:18269158] - [DEBUG] 此店铺找到 3 件商品
2016-05-04 04:42:49 [main:18269158] - [DEBUG] 当前行 392：https://liangpintechan.taobao.com/	TaoBao	62347715
2016-05-04 04:42:54 [main:18274023] - [DEBUG] 此店铺找到 12 件商品
2016-05-04 04:42:54 [main:18274024] - [DEBUG] 当前行 393：https://lin98.taobao.com/	TaoBao	65724629
2016-05-04 04:42:59 [main:18278547] - [DEBUG] 此店铺找到 21 件商品
2016-05-04 04:42:59 [main:18278547] - [DEBUG] 当前行 394：https://linshi880.taobao.com/	TaoBao	69733073
2016-05-04 04:43:03 [main:18283435] - [DEBUG] 此店铺找到 22 件商品
2016-05-04 04:43:03 [main:18283435] - [DEBUG] 当前行 395：https://lipread.taobao.com/	TaoBao	63860767
2016-05-04 04:43:17 [main:18297211] - [DEBUG] 此店铺找到 83 件商品
2016-05-04 04:43:17 [main:18297211] - [DEBUG] 当前行 396：https://liujun23.taobao.com/	TaoBao	71261909
2016-05-04 04:43:57 [main:18337418] - [DEBUG] 此店铺找到 231 件商品
2016-05-04 04:43:57 [main:18337419] - [DEBUG] 当前行 397：https://liuyin15.taobao.com/	TaoBao	59925652
2016-05-04 04:44:09 [main:18348734] - [DEBUG] 当前行 398：https://ljgf8.taobao.com/	TaoBao	102188020
2016-05-04 04:44:22 [main:18361983] - [DEBUG] 此店铺找到 57 件商品
2016-05-04 04:44:22 [main:18361983] - [DEBUG] 当前行 399：https://lmmhcd.taobao.com/	TaoBao	37025956
2016-05-04 04:45:05 [main:18404520] - [DEBUG] 此店铺找到 294 件商品
2016-05-04 04:45:05 [main:18404520] - [DEBUG] 当前行 400：https://lmnj.taobao.com/	TaoBao	101507731
2016-05-04 04:45:08 [main:18408303] - [DEBUG] 此店铺找到 7 件商品
2016-05-04 04:45:08 [main:18408303] - [DEBUG] 当前行 401：https://loio.taobao.com/	TaoBao	101434011
2016-05-04 04:45:13 [main:18412709] - [DEBUG] 此店铺找到 8 件商品
2016-05-04 04:45:13 [main:18412709] - [DEBUG] 当前行 402：https://longshuidao.taobao.com/	TaoBao	36366845
2016-05-04 04:45:23 [main:18422552] - [DEBUG] 此店铺找到 52 件商品
2016-05-04 04:45:23 [main:18422552] - [DEBUG] 当前行 403：https://lovechili.taobao.com/	TaoBao	67848215
2016-05-04 04:45:28 [main:18427758] - [DEBUG] 此店铺找到 21 件商品
2016-05-04 04:45:28 [main:18427758] - [DEBUG] 当前行 404：https://lovemxp.taobao.com/	TaoBao	57852143
2016-05-04 04:45:41 [main:18441317] - [DEBUG] 此店铺找到 49 件商品
2016-05-04 04:45:41 [main:18441318] - [DEBUG] 当前行 405：https://loxinchina.taobao.com/	TaoBao	101753717
2016-05-04 04:45:46 [main:18445997] - [DEBUG] 此店铺找到 18 件商品
2016-05-04 04:45:46 [main:18445997] - [DEBUG] 当前行 406：https://lp100.taobao.com/	TaoBao	35655462
2016-05-04 04:45:50 [main:18450422] - [DEBUG] 此店铺找到 24 件商品
2016-05-04 04:45:50 [main:18450422] - [DEBUG] 当前行 407：https://lpcity.taobao.com/	TaoBao	68149811
2016-05-04 04:46:00 [main:18459545] - [DEBUG] 此店铺找到 49 件商品
2016-05-04 04:46:00 [main:18459546] - [DEBUG] 当前行 408：https://lpqinma.taobao.com/	TaoBao	64010012
2016-05-04 04:46:04 [main:18464081] - [DEBUG] 此店铺找到 17 件商品
2016-05-04 04:46:04 [main:18464082] - [DEBUG] 当前行 409：https://lq9978.taobao.com/	TaoBao	33007978
2016-05-04 04:46:32 [main:18491758] - [DEBUG] 此店铺找到 226 件商品
2016-05-04 04:46:32 [main:18491758] - [DEBUG] 当前行 410：https://lsxjqj.taobao.com/	TaoBao	100704983
2016-05-04 04:46:36 [main:18496413] - [DEBUG] 此店铺找到 15 件商品
2016-05-04 04:46:36 [main:18496414] - [DEBUG] 当前行 411：https://luckypet.taobao.com/	TaoBao	33640595
2016-05-04 04:47:54 [main:18574111] - [DEBUG] 此店铺找到 480 件商品
2016-05-04 04:47:54 [main:18574112] - [DEBUG] 当前行 412：https://lwy68.taobao.com/	TaoBao	109234032
2016-05-04 04:48:19 [main:18599295] - [DEBUG] 此店铺找到 160 件商品
2016-05-04 04:48:19 [main:18599295] - [DEBUG] 当前行 413：https://lxhcytc.taobao.com/	TaoBao	104696783
2016-05-04 04:48:56 [main:18636093] - [DEBUG] 此店铺找到 181 件商品
2016-05-04 04:48:56 [main:18636093] - [DEBUG] 当前行 414：https://lyn-zy1314.taobao.com/	TaoBao	65742854
2016-05-04 04:49:01 [main:18640643] - [DEBUG] 此店铺找到 14 件商品
2016-05-04 04:49:01 [main:18640644] - [DEBUG] 当前行 415：https://m-maycake.taobao.com/	TaoBao	71371177
2016-05-04 04:49:09 [main:18648787] - [DEBUG] 此店铺找到 35 件商品
2016-05-04 04:49:09 [main:18648788] - [DEBUG] 当前行 416：https://malaqc.taobao.com/	TaoBao	107848835
2016-05-04 04:49:15 [main:18655170] - [DEBUG] 此店铺找到 28 件商品
2016-05-04 04:49:15 [main:18655171] - [DEBUG] 当前行 417：https://manqishangmao.taobao.com/	TaoBao	68385188
2016-05-04 04:49:29 [main:18668941] - [DEBUG] 此店铺找到 77 件商品
2016-05-04 04:49:29 [main:18668941] - [DEBUG] 当前行 418：https://maodawanglaohuoguo.taobao.com/	TaoBao	35010373
2016-05-04 04:49:33 [main:18673017] - [DEBUG] 此店铺找到 13 件商品
2016-05-04 04:49:33 [main:18673017] - [DEBUG] 当前行 419：https://mayalaya.taobao.com/	TaoBao	108837003
2016-05-04 04:49:40 [main:18679968] - [DEBUG] 此店铺找到 27 件商品
2016-05-04 04:49:40 [main:18679968] - [DEBUG] 当前行 420：https://mayqiji.taobao.com/	TaoBao	105000302
2016-05-04 04:49:45 [main:18684798] - [DEBUG] 此店铺找到 23 件商品
2016-05-04 04:49:45 [main:18684798] - [DEBUG] 当前行 421：https://mcakes.taobao.com/	TaoBao	62469561
2016-05-04 04:49:59 [main:18699399] - [DEBUG] 当前行 422：https://mcgod.taobao.com/	TaoBao	65098458
2016-05-04 04:50:17 [main:18717092] - [DEBUG] 此店铺找到 104 件商品
2016-05-04 04:50:17 [main:18717092] - [DEBUG] 当前行 423：https://mdysy.taobao.com/	TaoBao	105172816
2016-05-04 04:50:22 [main:18721515] - [DEBUG] 此店铺找到 14 件商品
2016-05-04 04:50:22 [main:18721515] - [DEBUG] 当前行 424：https://meiguan158.taobao.com/	TaoBao	65056338
2016-05-04 04:52:31 [main:18850651] - [DEBUG] 此店铺找到 809 件商品
2016-05-04 04:52:31 [main:18850652] - [DEBUG] 当前行 425：https://meimeiaifs.taobao.com/	TaoBao	62909929
2016-05-04 04:52:41 [main:18861042] - [DEBUG] 此店铺找到 25 件商品
2016-05-04 04:52:41 [main:18861042] - [DEBUG] 当前行 426：https://meiruitong.taobao.com/	TaoBao	72042275
2016-05-04 04:52:57 [main:18877063] - [DEBUG] 此店铺找到 104 件商品
2016-05-04 04:52:57 [main:18877063] - [DEBUG] 当前行 427：https://meiyimeifood.taobao.com/	TaoBao	70076072
2016-05-04 04:53:32 [main:18912166] - [DEBUG] 当前行 427：https://meiyimeifood.taobao.com/	TaoBao	70076072
2016-05-04 04:54:11 [main:18951058] - [DEBUG] 当前行 427：https://meiyimeifood.taobao.com/	TaoBao	70076072
2016-05-04 04:54:48 [main:18987970] - [DEBUG] 当前行 427：https://meiyimeifood.taobao.com/	TaoBao	70076072
2016-05-04 04:55:25 [main:19025024] - [DEBUG] 当前行 427：https://meiyimeifood.taobao.com/	TaoBao	70076072
2016-05-04 04:55:59 [main:19059345] - [DEBUG] 当前行 427：https://meiyimeifood.taobao.com/	TaoBao	70076072
2016-05-04 04:56:35 [main:19094506] - [DEBUG] 当前行 427：https://meiyimeifood.taobao.com/	TaoBao	70076072
2016-05-04 04:57:14 [main:19133971] - [DEBUG] 当前行 427：https://meiyimeifood.taobao.com/	TaoBao	70076072
2016-05-04 04:57:55 [main:19174613] - [DEBUG] 当前行 427：https://meiyimeifood.taobao.com/	TaoBao	70076072
2016-05-04 04:58:32 [main:19211740] - [DEBUG] 当前行 427：https://meiyimeifood.taobao.com/	TaoBao	70076072
2016-05-04 04:59:09 [main:19249127] - [DEBUG] 当前行 427：https://meiyimeifood.taobao.com/	TaoBao	70076072
2016-05-04 04:59:47 [main:19286781] - [DEBUG] 当前行 427：https://meiyimeifood.taobao.com/	TaoBao	70076072
2016-05-04 05:00:20 [main:19319655] - [DEBUG] 当前行 427：https://meiyimeifood.taobao.com/	TaoBao	70076072
2016-05-04 05:00:57 [main:19357173] - [DEBUG] 当前行 427：https://meiyimeifood.taobao.com/	TaoBao	70076072
2016-05-04 05:01:36 [main:19395972] - [DEBUG] 当前行 427：https://meiyimeifood.taobao.com/	TaoBao	70076072
2016-05-04 05:02:12 [main:19431591] - [DEBUG] 当前行 427：https://meiyimeifood.taobao.com/	TaoBao	70076072
2016-05-04 05:02:49 [main:19469287] - [DEBUG] 当前行 427：https://meiyimeifood.taobao.com/	TaoBao	70076072
2016-05-04 05:03:30 [main:19509844] - [DEBUG] 当前行 427：https://meiyimeifood.taobao.com/	TaoBao	70076072
2016-05-04 05:04:05 [main:19545137] - [DEBUG] 当前行 427：https://meiyimeifood.taobao.com/	TaoBao	70076072
2016-05-04 05:04:43 [main:19582697] - [DEBUG] 当前行 427：https://meiyimeifood.taobao.com/	TaoBao	70076072
2016-05-04 05:05:21 [main:19621304] - [DEBUG] 当前行 427：https://meiyimeifood.taobao.com/	TaoBao	70076072
2016-05-04 05:05:59 [main:19658534] - [DEBUG] 当前行 427：https://meiyimeifood.taobao.com/	TaoBao	70076072
2016-05-04 05:06:38 [main:19697782] - [DEBUG] 当前行 427：https://meiyimeifood.taobao.com/	TaoBao	70076072
2016-05-04 05:07:10 [main:19730395] - [DEBUG] 当前行 427：https://meiyimeifood.taobao.com/	TaoBao	70076072
2016-05-04 05:07:48 [main:19768012] - [DEBUG] 当前行 427：https://meiyimeifood.taobao.com/	TaoBao	70076072
2016-05-04 05:08:29 [main:19808836] - [DEBUG] 当前行 427：https://meiyimeifood.taobao.com/	TaoBao	70076072
2016-05-04 05:09:03 [main:19843310] - [DEBUG] 当前行 427：https://meiyimeifood.taobao.com/	TaoBao	70076072
2016-05-04 05:09:38 [main:19878047] - [DEBUG] 当前行 427：https://meiyimeifood.taobao.com/	TaoBao	70076072
2016-05-04 05:10:15 [main:19915303] - [DEBUG] 当前行 427：https://meiyimeifood.taobao.com/	TaoBao	70076072
2016-05-04 05:10:50 [main:19949485] - [DEBUG] 当前行 427：https://meiyimeifood.taobao.com/	TaoBao	70076072
2016-05-04 05:11:25 [main:19984910] - [DEBUG] 当前行 427：https://meiyimeifood.taobao.com/	TaoBao	70076072
2016-05-04 05:12:02 [main:20022310] - [DEBUG] 当前行 427：https://meiyimeifood.taobao.com/	TaoBao	70076072
2016-05-04 05:12:44 [main:20063688] - [DEBUG] 当前行 427：https://meiyimeifood.taobao.com/	TaoBao	70076072
2016-05-04 05:13:16 [main:20096246] - [DEBUG] 当前行 427：https://meiyimeifood.taobao.com/	TaoBao	70076072
2016-05-04 05:13:54 [main:20133648] - [DEBUG] 当前行 427：https://meiyimeifood.taobao.com/	TaoBao	70076072
2016-05-04 05:14:30 [main:20170105] - [DEBUG] 当前行 427：https://meiyimeifood.taobao.com/	TaoBao	70076072
2016-05-04 05:16:46 [main:20305858] - [DEBUG] 当前行 427：https://meiyimeifood.taobao.com/	TaoBao	70076072
2016-05-04 05:17:51 [main:20371005] - [DEBUG] 当前行 427：https://meiyimeifood.taobao.com/	TaoBao	70076072
2016-05-04 05:18:31 [main:20410831] - [DEBUG] 当前行 427：https://meiyimeifood.taobao.com/	TaoBao	70076072
2016-05-04 05:19:08 [main:20448059] - [DEBUG] 当前行 427：https://meiyimeifood.taobao.com/	TaoBao	70076072
2016-05-04 05:19:46 [main:20486040] - [DEBUG] 当前行 427：https://meiyimeifood.taobao.com/	TaoBao	70076072
2016-05-04 05:20:24 [main:20523568] - [DEBUG] 当前行 427：https://meiyimeifood.taobao.com/	TaoBao	70076072
2016-05-04 05:21:03 [main:20562783] - [DEBUG] 当前行 427：https://meiyimeifood.taobao.com/	TaoBao	70076072
2016-05-04 05:21:40 [main:20600181] - [DEBUG] 当前行 427：https://meiyimeifood.taobao.com/	TaoBao	70076072
2016-05-04 05:22:18 [main:20637712] - [DEBUG] 当前行 427：https://meiyimeifood.taobao.com/	TaoBao	70076072
2016-05-04 05:22:57 [main:20677254] - [DEBUG] 当前行 427：https://meiyimeifood.taobao.com/	TaoBao	70076072
2016-05-04 05:23:29 [main:20708939] - [DEBUG] 当前行 427：https://meiyimeifood.taobao.com/	TaoBao	70076072
2016-05-04 05:24:08 [main:20748294] - [DEBUG] 当前行 427：https://meiyimeifood.taobao.com/	TaoBao	70076072
2016-05-04 05:24:43 [main:20783254] - [DEBUG] 当前行 427：https://meiyimeifood.taobao.com/	TaoBao	70076072
2016-05-04 05:25:21 [main:20821141] - [DEBUG] 当前行 427：https://meiyimeifood.taobao.com/	TaoBao	70076072
2016-05-04 05:26:00 [main:20860330] - [DEBUG] 当前行 427：https://meiyimeifood.taobao.com/	TaoBao	70076072
2016-05-04 05:26:36 [main:20895918] - [DEBUG] 当前行 427：https://meiyimeifood.taobao.com/	TaoBao	70076072
2016-05-04 05:27:15 [main:20934615] - [DEBUG] 当前行 427：https://meiyimeifood.taobao.com/	TaoBao	70076072
2016-05-04 05:27:52 [main:20972381] - [DEBUG] 当前行 427：https://meiyimeifood.taobao.com/	TaoBao	70076072
2016-05-04 05:28:28 [main:21007822] - [DEBUG] 当前行 427：https://meiyimeifood.taobao.com/	TaoBao	70076072
2016-05-04 05:29:12 [main:21051877] - [DEBUG] 当前行 427：https://meiyimeifood.taobao.com/	TaoBao	70076072
2016-05-04 05:29:46 [main:21086279] - [DEBUG] 当前行 427：https://meiyimeifood.taobao.com/	TaoBao	70076072
2016-05-04 05:30:23 [main:21123381] - [DEBUG] 当前行 427：https://meiyimeifood.taobao.com/	TaoBao	70076072
2016-05-04 05:31:01 [main:21160743] - [DEBUG] 当前行 427：https://meiyimeifood.taobao.com/	TaoBao	70076072
2016-05-04 05:31:37 [main:21197039] - [DEBUG] 当前行 427：https://meiyimeifood.taobao.com/	TaoBao	70076072
2016-05-04 05:32:13 [main:21232500] - [DEBUG] 当前行 427：https://meiyimeifood.taobao.com/	TaoBao	70076072
2016-05-04 05:32:48 [main:21267556] - [DEBUG] 当前行 427：https://meiyimeifood.taobao.com/	TaoBao	70076072
2016-05-04 05:33:25 [main:21304693] - [DEBUG] 当前行 427：https://meiyimeifood.taobao.com/	TaoBao	70076072
2016-05-04 05:34:03 [main:21342492] - [DEBUG] 当前行 427：https://meiyimeifood.taobao.com/	TaoBao	70076072
2016-05-04 05:34:38 [main:21378104] - [DEBUG] 当前行 427：https://meiyimeifood.taobao.com/	TaoBao	70076072
2016-05-04 05:35:17 [main:21416992] - [DEBUG] 当前行 427：https://meiyimeifood.taobao.com/	TaoBao	70076072
2016-05-04 05:35:54 [main:21454416] - [DEBUG] 当前行 427：https://meiyimeifood.taobao.com/	TaoBao	70076072
2016-05-04 05:36:32 [main:21491961] - [DEBUG] 当前行 427：https://meiyimeifood.taobao.com/	TaoBao	70076072
2016-05-04 05:37:04 [main:21523983] - [DEBUG] 当前行 427：https://meiyimeifood.taobao.com/	TaoBao	70076072
2016-05-04 05:37:45 [main:21564640] - [DEBUG] 当前行 427：https://meiyimeifood.taobao.com/	TaoBao	70076072
2016-05-04 05:38:04 [main:21583627] - [DEBUG] 当前行 428：https://mengbg.taobao.com/	TaoBao	58522428
2016-05-04 05:38:09 [main:21589042] - [DEBUG] 此店铺找到 6 件商品
2016-05-04 05:38:09 [main:21589042] - [DEBUG] 当前行 429：https://miaopinji.tmall.com	Tmall	109027949
2016-05-04 05:38:19 [main:21598683] - [DEBUG] 此店铺找到 27 件商品
2016-05-04 05:38:19 [main:21598683] - [DEBUG] 当前行 430：https://mikafeidg.taobao.com/	TaoBao	100897263
2016-05-04 05:38:51 [main:21631279] - [DEBUG] 此店铺找到 172 件商品
2016-05-04 05:38:51 [main:21631280] - [DEBUG] 当前行 431：https://mileyn.taobao.com/	TaoBao	60292938
2016-05-04 05:38:58 [main:21637966] - [DEBUG] 此店铺找到 27 件商品
2016-05-04 05:38:58 [main:21637966] - [DEBUG] 当前行 432：https://miluji.taobao.com/	TaoBao	34902935
2016-05-04 05:39:04 [main:21643968] - [DEBUG] 此店铺找到 14 件商品
2016-05-04 05:39:04 [main:21643968] - [DEBUG] 当前行 433：https://mine-c.taobao.com/	TaoBao	33556520
2016-05-04 05:39:24 [main:21664328] - [DEBUG] 此店铺找到 121 件商品
2016-05-04 05:39:24 [main:21664328] - [DEBUG] 当前行 434：https://mixuesp.tmall.com	Tmall	106510941
2016-05-04 05:39:40 [main:21680370] - [DEBUG] 此店铺找到 140 件商品
2016-05-04 05:39:40 [main:21680371] - [DEBUG] 当前行 435：https://mjzgg.taobao.com/	TaoBao	100017776
2016-05-04 05:39:48 [main:21687903] - [DEBUG] 此店铺找到 9 件商品
2016-05-04 05:39:48 [main:21687903] - [DEBUG] 当前行 436：https://mlcyx.taobao.com/	TaoBao	109744185
2016-05-04 05:39:56 [main:21696277] - [DEBUG] 此店铺找到 32 件商品
2016-05-04 05:39:56 [main:21696277] - [DEBUG] 当前行 437：https://mljlp.taobao.com/	TaoBao	33419538
2016-05-04 05:40:31 [main:21730726] - [DEBUG] 此店铺找到 237 件商品
2016-05-04 05:40:31 [main:21730727] - [DEBUG] 当前行 438：https://mmshidai.taobao.com/	TaoBao	72785074
2016-05-04 05:41:37 [main:21797359] - [DEBUG] 此店铺找到 377 件商品
2016-05-04 05:41:37 [main:21797359] - [DEBUG] 当前行 439：https://mobe.taobao.com/	TaoBao	64219579
2016-05-04 05:41:46 [main:21806361] - [DEBUG] 此店铺找到 33 件商品
2016-05-04 05:41:46 [main:21806361] - [DEBUG] 当前行 440：https://mofa800.taobao.com/	TaoBao	60728994
2016-05-04 06:19:31 [main:24070770] - [DEBUG] 此店铺找到 13680 件商品
2016-05-04 06:19:31 [main:24070771] - [DEBUG] 当前行 441：https://mojiunvzhuangfushi.taobao.com/	TaoBao	104123877
2016-05-04 06:19:47 [main:24087016] - [DEBUG] 当前行 442：https://msmkfood.taobao.com/	TaoBao	57173155
2016-05-04 06:20:50 [main:24149696] - [DEBUG] 此店铺找到 287 件商品
2016-05-04 06:20:50 [main:24149696] - [DEBUG] 当前行 443：https://mtyouji.taobao.com/	TaoBao	33155034
2016-05-04 06:20:56 [main:24155648] - [DEBUG] 此店铺找到 15 件商品
2016-05-04 06:20:56 [main:24155648] - [DEBUG] 当前行 444：https://muhuiny.taobao.com/	TaoBao	106946989
2016-05-04 06:21:01 [main:24160802] - [DEBUG] 此店铺找到 21 件商品
2016-05-04 06:21:01 [main:24160802] - [DEBUG] 当前行 445：https://muxi520520.taobao.com/	TaoBao	34778651
2016-05-04 06:21:09 [main:24168927] - [DEBUG] 此店铺找到 36 件商品
2016-05-04 06:21:09 [main:24168927] - [DEBUG] 当前行 446：https://mxysp.tmall.com	Tmall	105847972
2016-05-04 06:21:18 [main:24178178] - [DEBUG] 此店铺找到 54 件商品
2016-05-04 06:21:18 [main:24178178] - [DEBUG] 当前行 447：https://my3210.taobao.com/	TaoBao	58345693
2016-05-04 06:21:29 [main:24188906] - [DEBUG] 此店铺找到 36 件商品
2016-05-04 06:21:29 [main:24188906] - [DEBUG] 当前行 448：https://myjiaxiangwei.taobao.com/	TaoBao	33963317
2016-05-04 06:21:42 [main:24202279] - [DEBUG] 此店铺找到 82 件商品
2016-05-04 06:21:42 [main:24202279] - [DEBUG] 当前行 449：https://myweb.taobao.com/	TaoBao	34446155
2016-05-04 06:22:05 [main:24224636] - [DEBUG] 此店铺找到 90 件商品
2016-05-04 06:22:05 [main:24224636] - [DEBUG] 当前行 450：https://mzycake.taobao.com/	TaoBao	69582216
2016-05-04 06:22:30 [main:24250320] - [DEBUG] 此店铺找到 236 件商品
2016-05-04 06:22:30 [main:24250320] - [DEBUG] 当前行 451：https://nannanaxiaopu.taobao.com/	TaoBao	106681330
2016-05-04 06:22:34 [main:24253679] - [DEBUG] 此店铺找到 2 件商品
2016-05-04 06:22:34 [main:24253679] - [DEBUG] 当前行 452：https://nannanmeier.taobao.com/	TaoBao	64162417
2016-05-04 06:22:37 [main:24257129] - [DEBUG] 此店铺找到 4 件商品
2016-05-04 06:22:37 [main:24257129] - [DEBUG] 当前行 453：https://negslrj.taobao.com/	TaoBao	71739340
2016-05-04 06:22:41 [main:24261089] - [DEBUG] 此店铺找到 7 件商品
2016-05-04 06:22:41 [main:24261089] - [DEBUG] 当前行 454：https://newyijie.taobao.com/	TaoBao	68246581
2016-05-04 06:22:46 [main:24266117] - [DEBUG] 此店铺找到 14 件商品
2016-05-04 06:22:46 [main:24266117] - [DEBUG] 当前行 455：https://niulanghan.tmall.com	Tmall	66451776
2016-05-04 06:22:57 [main:24276943] - [DEBUG] 此店铺找到 62 件商品
2016-05-04 06:22:57 [main:24276944] - [DEBUG] 当前行 456：https://niuniufang.taobao.com/	TaoBao	61330313
2016-05-04 06:23:07 [main:24286918] - [DEBUG] 此店铺找到 24 件商品
2016-05-04 06:23:07 [main:24286918] - [DEBUG] 当前行 457：https://niwodedianpu.taobao.com/	TaoBao	34351768
2016-05-04 06:23:11 [main:24290992] - [DEBUG] 此店铺找到 11 件商品
2016-05-04 06:23:11 [main:24290992] - [DEBUG] 当前行 458：https://njtsg.taobao.com/	TaoBao	71705713
2016-05-04 06:23:24 [main:24303694] - [DEBUG] 当前行 459：https://njxld.taobao.com/	TaoBao	107366045
2016-05-04 06:23:28 [main:24308319] - [DEBUG] 此店铺找到 16 件商品
2016-05-04 06:23:28 [main:24308319] - [DEBUG] 当前行 460：https://nongxianghao.taobao.com/	TaoBao	100236830
2016-05-04 06:23:33 [main:24312556] - [DEBUG] 此店铺找到 19 件商品
2016-05-04 06:23:33 [main:24312556] - [DEBUG] 当前行 461：https://ntqxp.taobao.com/	TaoBao	66093516
2016-05-04 06:23:43 [main:24322967] - [DEBUG] 当前行 462：https://orone.taobao.com/	TaoBao	124769904
2016-05-04 06:23:48 [main:24327639] - [DEBUG] 此店铺找到 4 件商品
2016-05-04 06:23:48 [main:24327639] - [DEBUG] 当前行 463：https://pastry.taobao.com/	TaoBao	60206816
2016-05-04 06:24:10 [main:24349733] - [DEBUG] 此店铺找到 177 件商品
2016-05-04 06:24:10 [main:24349734] - [DEBUG] 当前行 464：https://pcold.taobao.com/	TaoBao	61725339
2016-05-04 06:24:13 [main:24353456] - [DEBUG] 此店铺找到 7 件商品
2016-05-04 06:24:13 [main:24353457] - [DEBUG] 当前行 465：https://pdshipin.tmall.com	Tmall	110544104
2016-05-04 06:24:26 [main:24366087] - [DEBUG] 此店铺找到 77 件商品
2016-05-04 06:24:26 [main:24366087] - [DEBUG] 当前行 466：https://penglesp.tmall.com	Tmall	106606168
2016-05-04 06:24:34 [main:24374131] - [DEBUG] 此店铺找到 49 件商品
2016-05-04 06:24:34 [main:24374132] - [DEBUG] 当前行 467：https://phrj.taobao.com/	TaoBao	61703416
2016-05-04 06:24:46 [main:24386014] - [DEBUG] 此店铺找到 27 件商品
2016-05-04 06:24:46 [main:24386015] - [DEBUG] 当前行 468：https://pinweifang168.taobao.com/	TaoBao	72867538
2016-05-04 06:26:12 [main:24472272] - [DEBUG] 此店铺找到 684 件商品
2016-05-04 06:26:12 [main:24472273] - [DEBUG] 当前行 469：https://pinyouguohui.taobao.com/	TaoBao	36756935
2016-05-04 06:26:17 [main:24476762] - [DEBUG] 此店铺找到 16 件商品
2016-05-04 06:26:17 [main:24476762] - [DEBUG] 当前行 470：https://pojia.taobao.com/	TaoBao	34486744
2016-05-04 06:26:28 [main:24487727] - [DEBUG] 此店铺找到 51 件商品
2016-05-04 06:26:28 [main:24487727] - [DEBUG] 当前行 471：https://pukepai-china.taobao.com/	TaoBao	102466301
2016-05-04 06:27:50 [main:24570447] - [DEBUG] 当前行 472：https://pztj.taobao.com/	TaoBao	129666483
2016-05-04 06:27:59 [main:24578615] - [DEBUG] 此店铺找到 26 件商品
2016-05-04 06:27:59 [main:24578615] - [DEBUG] 当前行 473：https://qiangunfan.taobao.com/	TaoBao	104783906
2016-05-04 06:28:03 [main:24582675] - [DEBUG] 此店铺找到 2 件商品
2016-05-04 06:28:03 [main:24582675] - [DEBUG] 当前行 474：https://qianjiangtechan.taobao.com/	TaoBao	107733037
2016-05-04 06:28:07 [main:24586718] - [DEBUG] 此店铺找到 7 件商品
2016-05-04 06:28:07 [main:24586718] - [DEBUG] 当前行 475：https://qianjiangtutechan.taobao.com/	TaoBao	105996053
2016-05-04 06:28:17 [main:24597244] - [DEBUG] 此店铺找到 57 件商品
2016-05-04 06:28:17 [main:24597245] - [DEBUG] 当前行 476：https://qianqian1999.taobao.com/	TaoBao	63199719
2016-05-04 06:28:22 [main:24602098] - [DEBUG] 此店铺找到 18 件商品
2016-05-04 06:28:22 [main:24602098] - [DEBUG] 当前行 477：https://qiaolaoda.taobao.com/	TaoBao	59474963
2016-05-04 06:28:26 [main:24606302] - [DEBUG] 此店铺找到 8 件商品
2016-05-04 06:28:26 [main:24606302] - [DEBUG] 当前行 478：https://qic9.taobao.com/	TaoBao	100549440
2016-05-04 06:28:31 [main:24611047] - [DEBUG] 此店铺找到 10 件商品
2016-05-04 06:28:31 [main:24611047] - [DEBUG] 当前行 479：https://qic99.taobao.com/	TaoBao	100876144
2016-05-04 06:28:35 [main:24614527] - [DEBUG] 此店铺找到 9 件商品
2016-05-04 06:28:35 [main:24614527] - [DEBUG] 当前行 480：https://qic999.taobao.com/	TaoBao	72047398
2016-05-04 06:28:38 [main:24618235] - [DEBUG] 此店铺找到 10 件商品
2016-05-04 06:28:38 [main:24618235] - [DEBUG] 当前行 481：https://qike800.taobao.com/	TaoBao	63235717
2016-05-04 07:06:12 [main:26871933] - [DEBUG] 此店铺找到 14640 件商品
2016-05-04 07:06:12 [main:26871933] - [DEBUG] 当前行 482：https://qinma.tmall.com	Tmall	104658182
2016-05-04 07:06:22 [main:26881956] - [DEBUG] 此店铺找到 41 件商品
2016-05-04 07:06:22 [main:26881956] - [DEBUG] 当前行 483：https://qiqixiaomei.taobao.com/	TaoBao	105568781
2016-05-04 07:06:29 [main:26888947] - [DEBUG] 此店铺找到 9 件商品
2016-05-04 07:06:29 [main:26888947] - [DEBUG] 当前行 484：https://qjtcd.taobao.com/	TaoBao	103466237
2016-05-04 07:06:45 [main:26904933] - [DEBUG] 此店铺找到 96 件商品
2016-05-04 07:06:45 [main:26904934] - [DEBUG] 当前行 485：https://qp0008.taobao.com/	TaoBao	73458739
2016-05-04 07:06:51 [main:26910861] - [DEBUG] 此店铺找到 13 件商品
2016-05-04 07:06:51 [main:26910861] - [DEBUG] 当前行 486：https://qu6666.taobao.com/	TaoBao	66779881
2016-05-04 07:06:58 [main:26918273] - [DEBUG] 此店铺找到 26 件商品
2016-05-04 07:06:58 [main:26918274] - [DEBUG] 当前行 487：https://quanchengsongji.taobao.com/	TaoBao	34362391
2016-05-04 07:07:02 [main:26922405] - [DEBUG] 此店铺找到 3 件商品
2016-05-04 07:07:02 [main:26922405] - [DEBUG] 当前行 488：https://quanshengcanyin.taobao.com/	TaoBao	66657680
2016-05-04 07:08:19 [main:26998843] - [DEBUG] 此店铺找到 593 件商品
2016-05-04 07:08:19 [main:26998844] - [DEBUG] 当前行 489：https://qw7798091.taobao.com/	TaoBao	106866197
2016-05-04 07:19:26 [main:27665878] - [DEBUG] 当前行 489：https://qw7798091.taobao.com/	TaoBao	106866197
2016-05-04 07:33:23 [main:28503002] - [DEBUG] 此店铺找到 8182 件商品
2016-05-04 07:33:23 [main:28503003] - [DEBUG] 当前行 490：https://qxgnz.taobao.com/	TaoBao	35171486
2016-05-04 07:33:34 [main:28513819] - [DEBUG] 当前行 491：https://rainbowhyh.taobao.com/	TaoBao	60900165
2016-05-04 07:33:59 [main:28539310] - [DEBUG] 此店铺找到 171 件商品
2016-05-04 07:33:59 [main:28539310] - [DEBUG] 当前行 492：https://ranmengkui.taobao.com/	TaoBao	64044139
2016-05-04 07:34:03 [main:28543233] - [DEBUG] 此店铺找到 1 件商品
2016-05-04 07:34:03 [main:28543233] - [DEBUG] 当前行 493：https://rcms.taobao.com/	TaoBao	64273784
2016-05-04 07:34:10 [main:28550052] - [DEBUG] 此店铺找到 42 件商品
2016-05-04 07:34:10 [main:28550052] - [DEBUG] 当前行 494：https://renheoec.taobao.com/	TaoBao	70704330
2016-05-04 07:34:19 [main:28559300] - [DEBUG] 此店铺找到 54 件商品
2016-05-04 07:34:19 [main:28559300] - [DEBUG] 当前行 495：https://rhgg888.taobao.com/	TaoBao	114317599
2016-05-04 07:34:28 [main:28568018] - [DEBUG] 此店铺找到 49 件商品
2016-05-04 07:34:28 [main:28568018] - [DEBUG] 当前行 496：https://rjpjjd.taobao.com/	TaoBao	60878320
2016-05-04 07:34:31 [main:28571360] - [DEBUG] 此店铺找到 1 件商品
2016-05-04 07:34:31 [main:28571361] - [DEBUG] 当前行 497：https://rongcake.taobao.com/	TaoBao	102371265
2016-05-04 07:34:40 [main:28579935] - [DEBUG] 此店铺找到 61 件商品
2016-05-04 07:34:40 [main:28579936] - [DEBUG] 当前行 498：https://rongchengyanla.taobao.com/	TaoBao	61829983
2016-05-04 07:34:56 [main:28595858] - [DEBUG] 此店铺找到 81 件商品
2016-05-04 07:34:56 [main:28595858] - [DEBUG] 当前行 499：https://rongtefood.taobao.com/	TaoBao	116557964
2016-05-04 07:35:01 [main:28600593] - [DEBUG] 此店铺找到 3 件商品
2016-05-04 07:35:01 [main:28600593] - [DEBUG] 当前行 500：https://rrx26.taobao.com/	TaoBao	33101974
2016-05-04 07:35:12 [main:28612129] - [DEBUG] 此店铺找到 82 件商品
2016-05-04 07:35:12 [main:28612129] - [DEBUG] 处理完成，本次一共找到 175450 件商品
